timestamp,page,ram_used_gb,ram_percent,gpu_used_mb,gpu_total_mb,gpu_free_mb
2026-01-26T14:06:26.967602,1,5.14,21.0,147,1213,219
2026-01-26T14:06:28.090963,2,5.10,20.9,147,1213,219
2026-01-26T14:06:29.055149,3,5.07,20.7,147,1213,219
2026-01-26T14:06:32.245680,4,5.34,21.8,148,1244,251
2026-01-26T14:06:33.272178,5,5.34,21.8,148,1244,251
2026-01-26T14:06:38.841601,6,5.55,22.7,149,1244,187
2026-01-26T14:06:39.930947,7,5.57,22.8,149,1244,187
2026-01-26T14:06:42.153359,8,5.59,22.9,149,1244,187
2026-01-26T14:06:44.190937,9,5.57,22.8,149,1244,187
2026-01-26T14:06:46.246430,10,5.58,22.8,149,1244,187
2026-01-26T14:06:48.145641,11,5.52,22.6,149,1244,187
2026-01-26T14:06:50.054571,12,5.43,22.2,149,1244,187
2026-01-26T14:06:52.017891,13,5.44,22.2,149,1244,187
2026-01-26T14:06:56.477785,14,5.56,22.7,149,1244,187
2026-01-26T14:06:57.473867,15,5.56,22.7,149,1244,187
2026-01-26T14:07:01.903237,16,5.45,22.3,149,1244,187
2026-01-26T14:07:02.887538,17,5.43,22.2,149,1244,187
2026-01-26T14:07:04.881762,18,5.46,22.3,149,1244,187
2026-01-26T14:07:10.173647,19,5.47,22.4,149,1244,187
2026-01-26T14:07:11.161295,20,5.46,22.3,149,1244,187
2026-01-26T14:07:16.660005,21,5.48,22.4,149,1244,187
2026-01-26T14:07:17.625474,22,5.46,22.3,149,1244,187
2026-01-26T14:07:19.549874,23,5.48,22.4,149,1244,187
2026-01-26T14:07:24.653605,24,5.49,22.5,149,1244,187
2026-01-26T14:07:25.625046,25,5.49,22.5,149,1244,187
2026-01-26T14:07:30.818651,26,5.51,22.5,149,1244,187
2026-01-26T14:07:31.789054,27,5.49,22.5,149,1244,187
2026-01-26T14:07:36.907158,28,5.61,23.0,149,1244,187
2026-01-26T14:07:37.883271,29,5.61,23.0,149,1244,187
2026-01-26T14:07:39.862690,30,5.71,23.4,149,1244,187
2026-01-26T14:07:41.854023,31,5.60,22.9,149,1244,187
2026-01-26T14:07:47.234798,32,5.47,22.4,149,1244,187
2026-01-26T14:07:48.215648,33,5.46,22.3,149,1244,187
2026-01-26T14:07:53.289733,34,5.92,24.2,149,1244,187
2026-01-26T14:07:54.236691,35,5.87,24.0,149,1244,187
2026-01-26T14:07:59.252874,36,5.83,23.8,149,1244,187
2026-01-26T14:08:00.189360,37,5.79,23.7,149,1244,187
2026-01-26T14:08:02.087618,38,5.79,23.7,149,1244,187
2026-01-26T14:08:03.986944,39,5.88,24.1,149,1244,187
2026-01-26T14:08:05.848673,40,5.80,23.7,149,1244,187
2026-01-26T14:08:07.895428,41,5.79,23.7,149,1244,187
2026-01-26T14:08:09.770785,42,5.88,24.0,149,1244,187
2026-01-26T14:08:11.547427,43,5.88,24.0,149,1244,187
2026-01-26T14:08:13.694611,44,5.80,23.7,149,1244,187
2026-01-26T14:08:15.575803,45,5.78,23.6,149,1244,187
2026-01-26T14:08:17.462220,46,5.89,24.1,149,1244,187
2026-01-26T14:08:19.395368,47,5.79,23.7,149,1244,187
2026-01-26T14:08:21.266080,48,5.79,23.7,149,1244,187
2026-01-26T14:08:23.140823,49,5.89,24.1,149,1244,187
2026-01-26T14:08:24.992780,50,5.82,23.8,149,1244,187
2026-01-26T14:08:26.848850,51,5.82,23.8,149,1244,187
2026-01-26T14:08:34.828838,52,6.27,25.6,149,1244,187
2026-01-26T14:08:35.897164,53,6.23,25.5,149,1244,187
2026-01-26T14:08:36.998858,54,6.31,25.8,149,1244,187
2026-01-26T14:08:38.119471,55,6.27,25.6,149,1244,187
2026-01-26T14:08:39.166846,56,6.23,25.5,149,1244,187
2026-01-26T14:08:40.219984,57,6.19,25.3,149,1244,187
2026-01-26T14:08:41.297372,58,6.15,25.1,149,1244,187
2026-01-26T14:08:42.343177,59,6.11,25.0,149,1244,187
2026-01-26T14:08:43.399211,60,6.06,24.8,149,1244,187
2026-01-26T14:08:44.479556,61,6.02,24.6,149,1244,187
2026-01-26T14:08:49.268981,62,5.82,23.8,149,1244,187
2026-01-26T14:08:50.296088,63,5.78,23.6,149,1244,187
2026-01-26T14:08:55.810432,64,5.96,24.4,149,1244,187
2026-01-26T14:08:56.885852,65,5.92,24.2,149,1244,187
2026-01-26T14:08:58.001454,66,5.88,24.0,149,1244,187
2026-01-26T14:08:59.094264,67,5.83,23.9,149,1244,187
2026-01-26T14:08:59.976734,68,5.80,23.7,149,1244,187
2026-01-26T14:09:04.827265,69,5.98,24.5,149,1244,187
2026-01-26T14:09:05.939692,70,5.94,24.3,149,1244,187
2026-01-26T14:09:06.949942,71,5.90,24.1,149,1244,187
2026-01-26T14:09:12.008753,72,5.93,24.2,149,1244,187
2026-01-26T14:09:13.081840,73,5.87,24.0,149,1244,187
2026-01-26T14:09:14.136178,74,5.82,23.8,149,1244,187
2026-01-26T14:09:15.249562,75,5.78,23.6,149,1244,187
2026-01-26T14:09:20.562661,76,5.90,24.1,149,1244,187
2026-01-26T14:09:21.698264,77,5.87,24.0,149,1244,187
2026-01-26T14:09:22.811828,78,5.83,23.8,149,1244,187
2026-01-26T14:09:23.871414,79,5.79,23.7,149,1244,187
2026-01-26T14:09:28.870293,80,6.00,24.6,149,1244,187
2026-01-26T14:09:29.987175,81,5.96,24.4,149,1244,187
2026-01-26T14:09:31.080596,82,5.92,24.2,149,1244,187
2026-01-26T14:09:35.824344,83,5.88,24.0,149,1244,187
2026-01-26T14:09:36.881819,84,5.83,23.8,149,1244,187
2026-01-26T14:09:40.981535,85,5.87,24.0,149,1244,187
2026-01-26T14:09:41.937689,86,5.83,23.8,149,1244,187
2026-01-26T14:09:46.780016,87,5.97,24.4,149,1244,187
2026-01-26T14:09:47.841518,88,5.92,24.2,149,1244,187
2026-01-26T14:09:54.539627,89,6.12,25.0,149,1244,187
2026-01-26T14:09:55.670744,90,6.08,24.9,149,1244,187
2026-01-26T14:09:56.742312,91,6.04,24.7,149,1244,187
2026-01-26T14:09:57.851479,92,6.00,24.5,149,1244,187
2026-01-26T14:09:58.934318,93,5.96,24.4,149,1244,187
2026-01-26T14:09:59.982022,94,5.92,24.2,149,1244,187
2026-01-26T14:10:01.031383,95,5.88,24.0,149,1244,187
2026-01-26T14:10:02.037696,96,5.84,23.9,149,1244,187
2026-01-26T14:10:06.301282,97,5.86,24.0,149,1244,187
2026-01-26T14:10:07.277430,98,5.82,23.8,149,1244,187
2026-01-26T14:10:12.537918,99,6.02,24.6,149,1244,187
2026-01-26T14:10:13.591175,100,5.98,24.5,149,1244,187
2026-01-26T14:10:14.598529,101,5.94,24.3,149,1244,187
2026-01-26T14:10:19.346390,102,5.88,24.0,149,1244,187
2026-01-26T14:10:20.385934,103,5.83,23.8,149,1244,187
2026-01-26T14:10:25.334598,104,5.93,24.2,149,1244,187
2026-01-26T14:10:26.389501,105,5.89,24.1,149,1244,187
2026-01-26T14:10:27.367202,106,5.85,23.9,149,1244,187
2026-01-26T14:10:31.672831,107,5.99,24.5,149,1244,187
2026-01-26T14:10:32.634393,108,5.94,24.3,149,1244,187
2026-01-26T14:10:36.949175,109,5.88,24.0,149,1244,187
2026-01-26T14:10:37.946693,110,5.95,24.3,149,1244,187
2026-01-26T14:10:43.267956,111,6.04,24.7,149,1244,187
2026-01-26T14:10:44.377887,112,6.00,24.5,149,1244,187
2026-01-26T14:10:45.322220,113,5.96,24.4,149,1244,187
2026-01-26T14:10:52.319914,114,6.14,25.1,149,1244,187
2026-01-26T14:10:53.431987,115,6.10,24.9,149,1244,187
2026-01-26T14:10:54.539408,116,6.06,24.8,149,1244,187
2026-01-26T14:10:55.617463,117,6.02,24.6,149,1244,187
2026-01-26T14:10:56.760049,118,5.98,24.4,149,1244,187
2026-01-26T14:10:57.858499,119,5.94,24.3,149,1244,187
2026-01-26T14:10:58.825866,120,5.90,24.1,149,1244,187
2026-01-26T14:11:07.221796,121,5.85,23.9,149,1244,187
2026-01-26T14:11:08.202866,122,5.81,23.7,149,1244,187
2026-01-26T14:11:13.610717,123,5.84,23.9,149,1244,187
2026-01-26T14:11:14.592449,124,5.79,23.7,149,1244,187
2026-01-26T14:11:20.888926,125,6.05,24.8,149,1244,187
2026-01-26T14:11:21.959035,126,6.01,24.6,149,1244,187
2026-01-26T14:11:23.024314,127,5.97,24.4,149,1244,187
2026-01-26T14:11:23.986840,128,5.93,24.3,149,1244,187
2026-01-26T14:11:28.648262,129,5.90,24.1,149,1244,187
2026-01-26T14:11:29.753787,130,5.86,24.0,149,1244,187
2026-01-26T14:11:30.731154,131,5.81,23.8,149,1244,187
2026-01-26T14:11:38.442243,132,6.12,25.0,149,1244,187
2026-01-26T14:11:39.488629,133,6.12,25.0,149,1244,187
2026-01-26T14:11:40.544710,134,6.08,24.9,149,1244,187
2026-01-26T14:11:41.610433,135,6.04,24.7,149,1244,187
2026-01-26T14:11:42.675914,136,6.00,24.5,149,1244,187
2026-01-26T14:11:43.736562,137,5.94,24.3,149,1244,187
2026-01-26T14:11:44.720442,138,5.89,24.1,149,1244,187
2026-01-26T14:11:49.704684,139,5.95,24.3,149,1244,187
2026-01-26T14:11:50.697391,140,5.91,24.2,149,1244,187
2026-01-26T14:11:55.601913,141,5.87,24.0,149,1244,187
2026-01-26T14:11:56.723044,142,5.83,23.8,149,1244,187
2026-01-26T14:11:57.733849,143,5.79,23.7,149,1244,187
2026-01-26T14:12:03.064647,144,5.90,24.1,149,1244,187
2026-01-26T14:12:04.137999,145,5.85,23.9,149,1244,187
2026-01-26T14:12:05.066702,146,5.59,22.9,149,1244,187
2026-01-26T14:12:09.349617,147,5.92,24.2,149,1244,187
2026-01-26T14:12:10.294527,148,5.88,24.1,149,1244,187
2026-01-26T14:12:12.235204,149,5.78,23.7,149,1244,187
2026-01-26T14:12:14.205976,150,5.79,23.7,149,1244,187
2026-01-26T14:12:16.802055,151,5.91,24.2,149,1244,187
2026-01-26T14:12:18.713436,152,5.79,23.7,149,1244,187
2026-01-26T14:12:20.789480,153,5.81,23.7,149,1244,187
2026-01-26T14:12:22.941832,154,5.91,24.2,149,1244,187
2026-01-26T14:12:25.060455,155,5.82,23.8,149,1244,187
2026-01-26T14:12:27.188049,156,5.81,23.8,149,1244,187
2026-01-26T14:12:29.377414,157,5.93,24.2,149,1244,187
2026-01-26T14:12:31.357747,158,5.82,23.8,149,1244,187
2026-01-26T14:12:33.253803,159,5.80,23.7,149,1244,187
2026-01-26T14:12:35.210333,160,5.92,24.2,149,1244,187
2026-01-26T14:12:37.360071,161,5.83,23.8,149,1244,187
2026-01-26T14:12:39.566174,162,5.91,24.2,149,1244,187
2026-01-26T14:12:41.395450,163,6.03,24.7,149,1244,187
2026-01-26T14:12:43.242736,164,5.91,24.2,149,1244,187
2026-01-26T14:12:45.096442,165,5.92,24.2,149,1244,187
2026-01-26T14:12:47.622338,166,6.01,24.6,149,1244,187
2026-01-26T14:12:49.858560,167,5.93,24.2,149,1244,187
2026-01-26T14:12:51.736982,168,5.91,24.2,149,1244,187
2026-01-26T14:12:53.627646,169,6.04,24.7,149,1244,187
2026-01-26T14:12:55.633300,170,5.93,24.3,149,1244,187
2026-01-26T14:12:57.874787,171,5.94,24.3,149,1244,187
2026-01-26T14:12:59.752329,172,6.04,24.7,149,1244,187
2026-01-26T14:13:01.775676,173,5.92,24.2,149,1244,187
2026-01-26T14:13:04.194011,174,5.94,24.3,149,1244,187
2026-01-26T14:13:06.181064,175,6.02,24.6,149,1244,187
2026-01-26T14:13:08.383125,176,5.93,24.2,149,1244,187
2026-01-26T14:13:10.296285,177,5.91,24.2,149,1244,187
2026-01-26T14:13:12.187721,178,6.02,24.6,149,1244,187
2026-01-26T14:13:14.031335,179,5.91,24.2,149,1244,187
2026-01-26T14:13:18.292772,180,5.98,24.5,149,1244,187
2026-01-26T14:13:19.248063,181,5.94,24.3,149,1244,187
2026-01-26T14:13:21.352133,182,6.02,24.6,149,1244,187
2026-01-26T14:13:23.735989,183,5.93,24.2,149,1244,187
2026-01-26T14:13:26.229106,184,5.93,24.2,149,1244,187
2026-01-26T14:13:28.300848,185,6.06,24.8,149,1244,187
2026-01-26T14:13:30.531063,186,5.93,24.2,149,1244,187
2026-01-26T14:13:32.893053,187,5.93,24.2,149,1244,187
2026-01-26T14:13:35.044949,188,6.05,24.7,149,1244,187
2026-01-26T14:13:38.061282,189,5.94,24.3,149,1244,187
2026-01-26T14:13:40.284601,190,5.93,24.2,149,1244,187
2026-01-26T14:13:42.467964,191,6.05,24.7,149,1244,187
2026-01-26T14:13:45.327330,192,5.94,24.3,149,1244,187
2026-01-26T14:13:47.153155,193,5.94,24.3,149,1244,187
2026-01-26T14:13:50.097629,194,6.04,24.7,149,1244,187
2026-01-26T14:13:52.159644,195,5.93,24.3,149,1244,187
2026-01-26T14:13:54.162814,196,5.92,24.2,149,1244,187
2026-01-26T14:13:56.057767,197,6.03,24.7,149,1244,187
2026-01-26T14:14:01.519437,198,6.05,24.7,149,1244,187
2026-01-26T14:14:02.605443,199,6.00,24.5,149,1244,187
2026-01-26T14:14:03.696212,200,5.96,24.4,149,1244,187
2026-01-26T14:14:04.779879,201,5.92,24.2,149,1244,187
2026-01-26T14:15:10.302664,202,12.69,51.9,149,1244,187
2026-01-26T14:15:14.781434,203,12.39,50.7,149,1244,187
2026-01-26T14:15:18.107934,204,12.05,49.3,149,1244,187
2026-01-26T14:15:21.098232,205,11.36,46.5,149,1244,187
2026-01-26T14:15:24.393967,206,11.02,45.1,149,1244,187
2026-01-26T14:15:27.168973,207,10.68,43.7,149,1244,187
2026-01-26T14:15:29.916081,208,10.33,42.3,149,1244,187
2026-01-26T14:15:32.447406,209,9.99,40.9,149,1244,187
2026-01-26T14:15:34.718142,210,9.65,39.5,149,1244,187
2026-01-26T14:15:37.352703,211,9.31,38.1,149,1244,187
2026-01-26T14:15:40.155279,212,8.95,36.6,149,1244,187
2026-01-26T14:15:43.169451,213,8.84,36.2,149,1244,187
2026-01-26T14:15:45.512770,214,8.49,34.7,149,1244,187
2026-01-26T14:15:48.400361,215,8.15,33.3,149,1244,187
2026-01-26T14:15:51.279400,216,7.80,31.9,149,1244,187
2026-01-26T14:15:53.865224,217,7.46,30.5,149,1244,187
2026-01-26T14:15:56.184819,218,7.12,29.1,149,1244,187
2026-01-26T14:15:58.592379,219,6.76,27.7,149,1244,187
2026-01-26T14:16:01.438500,220,6.41,26.2,149,1244,187
2026-01-26T14:16:04.013171,221,6.08,24.8,149,1244,187
2026-01-26T14:16:06.708108,222,5.75,23.5,149,1244,187
2026-01-26T14:16:09.026072,223,5.06,20.7,149,1244,187
2026-01-26T14:16:11.695723,224,4.72,19.3,149,1244,187
2026-01-26T14:16:16.354758,225,4.02,16.4,149,1244,187
2026-01-26T14:16:18.754376,226,3.68,15.0,149,1244,187
2026-01-26T14:16:26.578795,227,5.07,20.7,149,1244,187
2026-01-26T14:16:29.729350,228,4.71,19.3,149,1244,187
2026-01-26T14:16:32.665690,229,4.41,18.0,149,1244,187
2026-01-26T14:16:34.897696,230,4.07,16.6,149,1244,187
2026-01-26T14:16:37.129905,231,3.73,15.2,149,1244,187
2026-01-26T14:16:39.407806,232,3.95,16.2,149,1244,187
2026-01-26T14:16:45.795319,233,4.11,16.8,149,1244,187
2026-01-26T14:16:46.799657,234,4.07,16.7,149,1244,187
2026-01-26T14:16:53.278722,235,4.16,17.0,149,1244,187
2026-01-26T14:16:54.367608,236,4.11,16.8,149,1244,187
2026-01-26T14:16:55.293157,237,4.07,16.6,149,1244,187
2026-01-26T14:17:01.793343,238,4.12,16.9,149,1244,187
2026-01-26T14:17:02.814470,239,4.08,16.7,149,1244,187
2026-01-26T14:17:09.295574,240,4.14,16.9,149,1244,187
2026-01-26T14:17:10.322280,241,4.09,16.7,149,1244,187
2026-01-26T14:17:12.453894,242,4.08,16.7,149,1244,187
2026-01-26T14:17:14.608543,243,4.08,16.7,149,1244,187
2026-01-26T14:17:16.717290,244,4.20,17.2,149,1244,187
2026-01-26T14:17:18.780210,245,4.10,16.8,149,1244,187
2026-01-26T14:17:20.885645,246,4.06,16.6,149,1244,187
2026-01-26T14:17:22.941972,247,4.20,17.2,149,1244,187
2026-01-26T14:17:25.045224,248,4.02,16.4,149,1244,187
2026-01-26T14:17:27.145707,249,4.01,16.4,149,1244,187
2026-01-26T14:17:29.208066,250,4.14,16.9,149,1244,187
2026-01-26T14:17:31.256539,251,3.99,16.3,149,1244,187
2026-01-26T14:17:33.346104,252,4.00,16.3,149,1244,187
2026-01-26T14:17:35.346104,253,4.13,16.9,149,1244,187
2026-01-26T14:17:37.349276,254,4.00,16.4,149,1244,187
2026-01-26T14:17:39.251692,255,4.01,16.4,149,1244,187
2026-01-26T14:17:47.529081,256,4.58,18.7,149,1244,187
2026-01-26T14:17:48.626534,257,4.55,18.6,149,1244,187
2026-01-26T14:17:49.755280,258,4.50,18.4,149,1244,187
2026-01-26T14:17:50.869503,259,4.45,18.2,149,1244,187
2026-01-26T14:17:51.939935,260,4.42,18.1,149,1244,187
2026-01-26T14:17:53.036402,261,4.22,17.3,149,1244,187
2026-01-26T14:17:54.109697,262,4.18,17.1,149,1244,187
2026-01-26T14:17:55.081377,263,4.14,16.9,149,1244,187
2026-01-26T14:17:57.091572,264,3.99,16.3,149,1244,187
2026-01-26T14:18:05.980634,265,4.35,17.8,149,1244,187
2026-01-26T14:18:07.070548,266,4.32,17.7,149,1244,187
2026-01-26T14:18:08.163649,267,4.28,17.5,149,1244,187
2026-01-26T14:18:09.280846,268,4.24,17.3,149,1244,187
2026-01-26T14:18:10.345705,269,4.20,17.2,149,1244,187
2026-01-26T14:18:11.446975,270,4.15,17.0,149,1244,187
2026-01-26T14:18:12.514746,271,4.12,16.8,149,1244,187
2026-01-26T14:18:13.579092,272,4.07,16.6,149,1244,187
2026-01-26T14:18:14.572552,273,4.03,16.5,149,1244,187
2026-01-26T14:18:16.525326,274,4.16,17.0,149,1244,187
2026-01-26T14:18:18.561457,275,4.01,16.4,149,1244,187
2026-01-26T14:18:20.479307,276,4.03,16.5,149,1244,187
2026-01-26T14:18:22.444905,277,4.18,17.1,149,1244,187
2026-01-26T14:18:24.347555,278,4.05,16.6,149,1244,187
2026-01-26T14:18:26.330338,279,4.05,16.6,149,1244,187
2026-01-26T14:18:28.294285,280,4.18,17.1,149,1244,187
2026-01-26T14:18:33.448404,281,4.09,16.7,149,1244,187
2026-01-26T14:18:34.490475,282,4.05,16.6,149,1244,187
2026-01-26T14:18:36.527037,283,4.04,16.5,149,1244,187
2026-01-26T14:18:42.777865,284,4.21,17.2,149,1244,187
2026-01-26T14:18:43.876936,285,4.17,17.0,149,1244,187
2026-01-26T14:18:45.906497,286,4.08,16.7,149,1244,187
2026-01-26T14:18:47.930825,287,4.07,16.6,149,1244,187
2026-01-26T14:18:54.397785,288,4.35,17.8,149,1244,187
2026-01-26T14:18:55.479013,289,4.31,17.6,149,1244,187
2026-01-26T14:18:56.568717,290,4.27,17.5,149,1244,187
2026-01-26T14:18:57.686264,291,4.23,17.3,149,1244,187
2026-01-26T14:18:58.655935,292,4.19,17.1,149,1244,187
2026-01-26T14:19:03.329366,293,4.11,16.8,149,1244,187
2026-01-26T14:19:04.308714,294,4.08,16.7,149,1244,187
2026-01-26T14:19:10.089017,295,4.23,17.3,149,1244,187
2026-01-26T14:19:11.163105,296,4.19,17.2,149,1244,187
2026-01-26T14:19:12.242067,297,4.16,17.0,149,1244,187
2026-01-26T14:19:13.319502,298,4.12,16.8,149,1244,187
2026-01-26T14:19:14.307776,299,4.08,16.7,149,1244,187
2026-01-26T14:19:18.746068,300,4.30,17.6,149,1244,187
2026-01-26T14:19:19.765768,301,4.26,17.4,149,1244,187
2026-01-26T14:19:24.332335,302,4.17,17.0,149,1244,187
2026-01-26T14:19:25.430903,303,4.13,16.9,149,1244,187
2026-01-26T14:19:30.048876,304,4.18,17.1,149,1244,187
2026-01-26T14:19:31.012972,305,4.14,16.9,149,1244,187
2026-01-26T14:19:36.177598,306,4.33,17.7,149,1244,187
2026-01-26T14:19:37.263063,307,4.28,17.5,149,1244,187
2026-01-26T14:19:38.294796,308,4.24,17.4,149,1244,187
2026-01-26T14:19:43.874886,309,4.25,17.4,149,1244,187
2026-01-26T14:19:44.954694,310,4.21,17.2,149,1244,187
2026-01-26T14:19:46.023016,311,4.27,17.5,149,1244,187
2026-01-26T14:19:47.098927,312,4.23,17.3,149,1244,187
2026-01-26T14:19:51.419613,313,4.27,17.5,149,1244,187
2026-01-26T14:19:52.382363,314,4.23,17.3,149,1244,187
2026-01-26T14:19:59.378779,315,4.68,19.1,149,1244,187
2026-01-26T14:20:00.468052,316,4.64,19.0,149,1244,187
2026-01-26T14:20:01.575944,317,4.60,18.8,149,1244,187
2026-01-26T14:20:02.681126,318,4.39,18.0,149,1244,187
2026-01-26T14:20:03.779874,319,4.35,17.8,149,1244,187
2026-01-26T14:20:04.906302,320,4.31,17.6,149,1244,187
2026-01-26T14:20:06.015407,321,4.27,17.5,149,1244,187
2026-01-26T14:20:06.993029,322,4.23,17.3,149,1244,187
2026-01-26T14:20:12.925167,323,4.24,17.3,149,1244,187
2026-01-26T14:20:14.034183,324,4.20,17.2,149,1244,187
2026-01-26T14:20:15.125737,325,4.15,17.0,149,1244,187
2026-01-26T14:20:16.223139,326,4.12,16.8,149,1244,187
2026-01-26T14:20:17.291643,327,4.08,16.7,149,1244,187
2026-01-26T14:20:22.910207,328,4.22,17.2,149,1244,187
2026-01-26T14:20:24.086619,329,4.18,17.1,149,1244,187
2026-01-26T14:20:25.222933,330,4.13,16.9,149,1244,187
2026-01-26T14:20:26.276147,331,4.09,16.7,149,1244,187
2026-01-26T14:20:31.030127,332,4.31,17.6,149,1244,187
2026-01-26T14:20:32.139152,333,4.27,17.5,149,1244,187
2026-01-26T14:20:33.200602,334,4.23,17.3,149,1244,187
2026-01-26T14:20:37.583306,335,4.17,17.0,149,1244,187
2026-01-26T14:20:38.573001,336,4.12,16.8,149,1244,187
2026-01-26T14:20:46.405714,337,4.55,18.6,149,1244,187
2026-01-26T14:20:47.521366,338,4.52,18.5,149,1244,187
2026-01-26T14:20:48.606182,339,4.48,18.3,149,1244,187
2026-01-26T14:20:49.708794,340,4.44,18.1,149,1244,187
2026-01-26T14:20:50.844660,341,4.45,18.2,149,1244,187
2026-01-26T14:20:52.010636,342,4.40,18.0,149,1244,187
2026-01-26T14:20:53.103293,343,4.36,17.8,149,1244,187
2026-01-26T14:20:54.180820,344,4.32,17.7,149,1244,187
2026-01-26T14:20:55.262510,345,4.28,17.5,149,1244,187
2026-01-26T14:20:56.296129,346,4.23,17.3,149,1244,187
2026-01-26T14:21:02.388824,347,4.38,17.9,149,1244,187
2026-01-26T14:21:03.499657,348,4.31,17.6,149,1244,187
2026-01-26T14:21:04.596219,349,4.27,17.5,149,1244,187
2026-01-26T14:21:05.690923,350,4.24,17.3,149,1244,187
2026-01-26T14:21:06.728053,351,4.19,17.1,149,1244,187
2026-01-26T14:21:11.941622,352,4.19,17.1,149,1244,187
2026-01-26T14:21:13.088442,353,4.14,16.9,149,1244,187
2026-01-26T14:21:14.213797,354,4.10,16.8,149,1244,187
2026-01-26T14:21:19.354886,355,4.17,17.1,149,1244,187
2026-01-26T14:21:20.433798,356,4.17,17.1,149,1244,187
2026-01-26T14:21:21.517537,357,4.13,16.9,149,1244,187
2026-01-26T14:21:22.608759,358,4.08,16.7,149,1244,187
2026-01-26T14:21:27.534083,359,4.24,17.3,149,1244,187
2026-01-26T14:21:28.556926,360,4.23,17.3,149,1244,187
2026-01-26T14:21:39.881917,361,4.36,17.8,149,1244,187
2026-01-26T14:21:41.009966,362,4.35,17.8,149,1244,187
2026-01-26T14:21:42.129749,363,4.30,17.6,149,1244,187
2026-01-26T14:21:43.257794,364,4.27,17.4,149,1244,187
2026-01-26T14:21:44.354522,365,4.22,17.3,149,1244,187
2026-01-26T14:21:45.473510,366,4.18,17.1,149,1244,187
2026-01-26T14:21:46.616185,367,4.14,16.9,149,1244,187
2026-01-26T14:21:47.604628,368,4.20,17.2,149,1244,187
2026-01-26T14:21:57.442167,369,4.61,18.9,149,1244,187
2026-01-26T14:21:58.586293,370,4.63,18.9,149,1244,187
2026-01-26T14:21:59.678949,371,4.58,18.7,149,1244,187
2026-01-26T14:22:00.784435,372,4.54,18.6,149,1244,187
2026-01-26T14:22:01.906599,373,4.50,18.4,149,1244,187
2026-01-26T14:22:03.000233,374,4.46,18.2,149,1244,187
2026-01-26T14:22:04.099341,375,4.42,18.1,149,1244,187
2026-01-26T14:22:05.213805,376,4.38,17.9,149,1244,187
2026-01-26T14:22:06.324446,377,4.33,17.7,149,1244,187
2026-01-26T14:22:07.467946,378,4.29,17.6,149,1244,187
2026-01-26T14:22:08.567528,379,4.24,17.4,149,1244,187
2026-01-26T14:22:09.684539,380,4.21,17.2,149,1244,187
2026-01-26T14:22:10.825287,381,4.18,17.1,149,1244,187
2026-01-26T14:22:11.917431,382,4.15,17.0,149,1244,187
2026-01-26T14:22:13.007208,383,4.10,16.8,149,1244,187
2026-01-26T14:22:25.928451,384,5.00,20.5,149,1244,187
2026-01-26T14:22:27.016820,385,5.01,20.5,149,1244,187
2026-01-26T14:22:28.116059,386,4.97,20.3,149,1244,187
2026-01-26T14:22:29.206568,387,4.93,20.2,149,1244,187
2026-01-26T14:22:30.295409,388,4.89,20.0,149,1244,187
2026-01-26T14:22:31.394038,389,4.84,19.8,149,1244,187
2026-01-26T14:22:32.483177,390,4.81,19.7,149,1244,187
2026-01-26T14:22:33.591382,391,4.76,19.5,149,1244,187
2026-01-26T14:22:34.681707,392,4.73,19.3,149,1244,187
2026-01-26T14:22:35.810640,393,4.69,19.2,149,1244,187
2026-01-26T14:22:36.916066,394,4.65,19.0,149,1244,187
2026-01-26T14:22:38.028193,395,4.61,18.9,149,1244,187
2026-01-26T14:22:39.148677,396,4.56,18.7,149,1244,187
2026-01-26T14:22:40.255842,397,4.52,18.5,149,1244,187
2026-01-26T14:22:41.359991,398,4.48,18.3,149,1244,187
2026-01-26T14:22:42.490192,399,4.45,18.2,149,1244,187
2026-01-26T14:22:43.594469,400,4.40,18.0,149,1244,187
2026-01-26T14:22:44.681446,401,4.36,17.8,149,1244,187
2026-01-26T14:22:45.800161,402,4.31,17.6,149,1244,187
2026-01-26T14:22:46.853553,403,4.28,17.5,149,1244,187
2026-01-26T14:22:54.388105,404,4.46,18.2,149,1244,187
2026-01-26T14:22:55.465945,405,4.46,18.2,149,1244,187
2026-01-26T14:22:56.588412,406,4.42,18.1,149,1244,187
2026-01-26T14:22:57.691615,407,4.38,17.9,149,1244,187
2026-01-26T14:22:58.829012,408,4.36,17.8,149,1244,187
2026-01-26T14:22:59.920838,409,4.31,17.6,149,1244,187
2026-01-26T14:23:01.047576,410,4.27,17.5,149,1244,187
2026-01-26T14:23:02.133070,411,4.23,17.3,149,1244,187
2026-01-26T14:23:03.091979,412,4.18,17.1,149,1244,187
2026-01-26T14:23:08.298811,413,4.17,17.0,149,1244,187
2026-01-26T14:23:09.361992,414,4.17,17.1,149,1244,187
2026-01-26T14:23:14.179572,415,4.41,18.0,149,1244,187
2026-01-26T14:23:15.285084,416,4.35,17.8,149,1244,187
2026-01-26T14:23:16.335191,417,4.31,17.6,149,1244,187
2026-01-26T14:23:18.302361,418,4.17,17.1,149,1244,187
2026-01-26T14:23:20.346741,419,4.12,16.9,149,1244,187
2026-01-26T14:23:22.788661,420,4.27,17.5,149,1244,187
2026-01-26T14:23:24.833165,421,4.13,16.9,149,1244,187
2026-01-26T14:23:26.791483,422,4.24,17.3,149,1244,187
2026-01-26T14:23:28.038044,423,4.19,17.1,149,1244,187
2026-01-26T14:23:36.027520,424,4.29,17.5,149,1244,187
2026-01-26T14:23:41.446714,425,4.64,19.0,149,1244,187
2026-01-26T14:23:42.510951,426,4.60,18.8,149,1244,187
2026-01-26T14:23:43.544132,427,4.56,18.6,149,1244,187
2026-01-26T14:23:44.543711,428,4.51,18.5,149,1244,187
2026-01-26T14:23:45.704789,429,4.46,18.2,149,1244,187
2026-01-26T14:23:46.840463,430,4.43,18.1,149,1244,187
2026-01-26T14:23:48.154769,431,4.38,17.9,149,1244,187
2026-01-26T14:23:49.420778,432,4.45,18.2,149,1244,187
2026-01-26T14:23:50.580109,433,4.40,18.0,149,1244,187
2026-01-26T14:23:51.538765,434,4.36,17.8,149,1244,187
2026-01-26T14:23:53.109873,435,4.32,17.7,149,1244,187
2026-01-26T14:23:54.756234,436,4.29,17.5,149,1244,187
2026-01-26T14:23:56.577974,437,4.32,17.7,149,1244,187
2026-01-26T14:24:01.860684,438,4.11,16.8,149,1244,187
2026-01-26T14:24:06.923556,439,4.25,17.4,149,1244,187
2026-01-26T14:24:11.449643,440,4.14,16.9,149,1244,187
2026-01-26T14:24:15.832946,441,4.15,17.0,149,1244,187
2026-01-26T14:24:23.047615,442,4.39,18.0,149,1244,187
2026-01-26T14:24:24.165760,443,4.37,17.9,149,1244,187
2026-01-26T14:24:25.163630,444,4.33,17.7,149,1244,187
2026-01-26T14:24:31.913331,445,4.22,17.3,149,1244,187
2026-01-26T14:24:32.959397,446,4.22,17.2,149,1244,187
2026-01-26T14:24:39.597807,447,4.23,17.3,149,1244,187
2026-01-26T14:24:40.594070,448,4.23,17.3,149,1244,187
2026-01-26T14:24:47.325385,449,4.38,17.9,149,1244,187
2026-01-26T14:24:48.326860,450,4.39,17.9,149,1244,187
2026-01-26T14:24:53.431934,451,4.24,17.3,149,1244,187
2026-01-26T14:24:54.528967,452,4.25,17.4,149,1244,187
2026-01-26T14:24:59.632963,453,4.23,17.3,149,1244,187
2026-01-26T14:25:00.724406,454,4.24,17.3,149,1244,187
2026-01-26T14:25:02.622839,455,4.39,18.0,149,1244,187
2026-01-26T14:25:07.019996,456,4.31,17.6,149,1244,187
2026-01-26T14:25:08.034200,457,4.25,17.4,149,1244,187
2026-01-26T14:25:14.362805,458,4.49,18.3,149,1244,187
2026-01-26T14:25:15.499733,459,4.43,18.1,149,1244,187
2026-01-26T14:25:16.620075,460,4.39,18.0,149,1244,187
2026-01-26T14:25:17.731934,461,4.35,17.8,149,1244,187
2026-01-26T14:25:18.836148,462,4.31,17.6,149,1244,187
2026-01-26T14:25:19.923152,463,4.27,17.4,149,1244,187
2026-01-26T14:25:25.520624,464,4.44,18.1,149,1244,187
2026-01-26T14:25:26.679283,465,4.43,18.1,149,1244,187
2026-01-26T14:25:27.717039,466,4.39,18.0,149,1244,187
2026-01-26T14:25:32.344330,467,4.38,17.9,149,1244,187
2026-01-26T14:25:33.452474,468,4.33,17.7,149,1244,187
2026-01-26T14:25:34.489778,469,4.28,17.5,149,1244,187
2026-01-26T14:25:44.314175,470,4.84,19.8,149,1244,187
2026-01-26T14:25:45.442637,471,4.78,19.5,149,1244,187
2026-01-26T14:25:46.516780,472,4.74,19.4,149,1244,187
2026-01-26T14:25:47.625879,473,4.70,19.2,149,1244,187
2026-01-26T14:25:48.737101,474,4.65,19.0,149,1244,187
2026-01-26T14:25:49.884829,475,4.69,19.2,149,1244,187
2026-01-26T14:25:51.003852,476,4.69,19.2,149,1244,187
2026-01-26T14:25:52.128768,477,4.52,18.5,149,1244,187
2026-01-26T14:25:53.263262,478,4.48,18.3,149,1244,187
2026-01-26T14:25:54.396513,479,4.44,18.2,149,1244,187
2026-01-26T14:25:55.546476,480,4.40,18.0,149,1244,187
2026-01-26T14:25:56.665846,481,4.36,17.8,149,1244,187
2026-01-26T14:25:57.757643,482,4.32,17.7,149,1244,187
2026-01-26T14:25:58.872959,483,4.27,17.5,149,1244,187
2026-01-26T14:25:59.885195,484,4.23,17.3,149,1244,187
2026-01-26T14:26:07.095939,485,4.62,18.9,149,1244,187
2026-01-26T14:26:08.189198,486,4.60,18.8,149,1244,187
2026-01-26T14:26:09.291458,487,4.57,18.7,149,1244,187
2026-01-26T14:26:10.401844,488,4.54,18.5,149,1244,187
2026-01-26T14:26:11.530407,489,4.49,18.4,149,1244,187
2026-01-26T14:26:12.655439,490,4.45,18.2,149,1244,187
2026-01-26T14:26:13.805025,491,4.41,18.0,149,1244,187
2026-01-26T14:26:14.820189,492,4.37,17.9,149,1244,187
2026-01-26T14:26:21.074951,493,4.39,17.9,149,1244,187
2026-01-26T14:26:22.210690,494,4.38,17.9,149,1244,187
2026-01-26T14:26:23.339563,495,4.35,17.8,149,1244,187
2026-01-26T14:26:24.450930,496,4.31,17.6,149,1244,187
2026-01-26T14:26:25.497729,497,4.28,17.5,149,1244,187
2026-01-26T14:26:30.463424,498,4.30,17.6,149,1244,187
2026-01-26T14:26:31.578334,499,4.31,17.6,149,1244,187
2026-01-26T14:26:32.622857,500,4.27,17.5,149,1244,187
2026-01-26T14:26:37.208063,501,4.47,18.3,149,1244,187
2026-01-26T14:26:38.265750,502,4.42,18.1,149,1244,187
2026-01-26T14:26:46.087950,503,4.61,18.9,149,1244,187
2026-01-26T14:26:47.221092,504,4.60,18.8,149,1244,187
2026-01-26T14:26:48.333640,505,4.56,18.7,149,1244,187
2026-01-26T14:26:49.480205,506,4.52,18.5,149,1244,187
2026-01-26T14:26:50.588857,507,4.48,18.3,149,1244,187
2026-01-26T14:26:51.718784,508,4.55,18.6,149,1244,187
2026-01-26T14:26:52.811025,509,4.51,18.4,149,1244,187
2026-01-26T14:26:53.942143,510,4.47,18.3,149,1244,187
2026-01-26T14:26:55.021812,511,4.42,18.1,149,1244,187
2026-01-26T14:27:02.458215,512,4.74,19.4,149,1244,187
2026-01-26T14:27:03.550416,513,4.68,19.1,149,1244,187
2026-01-26T14:27:04.657349,514,4.49,18.4,149,1244,187
2026-01-26T14:27:05.775731,515,4.46,18.2,149,1244,187
2026-01-26T14:27:06.874848,516,4.41,18.0,149,1244,187
2026-01-26T14:27:07.970433,517,4.37,17.9,149,1244,187
2026-01-26T14:27:09.120164,518,4.33,17.7,149,1244,187
2026-01-26T14:27:10.114527,519,4.29,17.6,149,1244,187
2026-01-26T14:27:15.957485,520,4.50,18.4,149,1244,187
2026-01-26T14:27:17.061447,521,4.48,18.3,149,1244,187
2026-01-26T14:27:18.145040,522,4.45,18.2,149,1244,187
2026-01-26T14:27:19.118839,523,4.41,18.0,149,1244,187
2026-01-26T14:27:24.276653,524,4.39,18.0,149,1244,187
2026-01-26T14:27:25.413856,525,4.38,17.9,149,1244,187
2026-01-26T14:27:26.559079,526,4.34,17.7,149,1244,187
2026-01-26T14:27:27.640207,527,4.30,17.6,149,1244,187
2026-01-26T14:27:32.524973,528,4.31,17.6,149,1244,187
2026-01-26T14:27:33.607819,529,4.30,17.6,149,1244,187
2026-01-26T14:27:35.618199,530,4.40,18.0,149,1244,187
2026-01-26T14:27:42.810734,531,4.50,18.4,149,1244,187
2026-01-26T14:27:43.891910,532,4.50,18.4,149,1244,187
2026-01-26T14:27:45.095314,533,4.46,18.2,149,1244,187
2026-01-26T14:27:46.273138,534,4.41,18.0,149,1244,187
2026-01-26T14:27:47.482810,535,4.38,17.9,149,1244,187
2026-01-26T14:27:48.417812,536,4.34,17.8,149,1244,187
2026-01-26T14:27:54.271228,537,4.45,18.2,149,1244,187
2026-01-26T14:27:55.482124,538,4.46,18.2,149,1244,187
2026-01-26T14:27:56.604455,539,4.42,18.1,149,1244,187
2026-01-26T14:27:57.735657,540,4.38,17.9,149,1244,187
2026-01-26T14:27:58.809672,541,4.34,17.8,149,1244,187
2026-01-26T14:28:05.687466,542,4.76,19.5,149,1244,187
2026-01-26T14:28:06.779623,543,4.70,19.2,149,1244,187
2026-01-26T14:28:07.883462,544,4.66,19.1,149,1244,187
2026-01-26T14:28:08.977782,545,4.62,18.9,149,1244,187
2026-01-26T14:28:10.067583,546,4.58,18.7,149,1244,187
2026-01-26T14:28:11.175225,547,4.52,18.5,149,1244,187
2026-01-26T14:28:12.289950,548,4.48,18.3,149,1244,187
2026-01-26T14:28:19.880481,549,4.69,19.2,149,1244,187
2026-01-26T14:28:20.964343,550,4.61,18.8,149,1244,187
2026-01-26T14:28:22.060521,551,4.57,18.7,149,1244,187
2026-01-26T14:28:23.185110,552,4.53,18.5,149,1244,187
2026-01-26T14:28:24.293679,553,4.49,18.4,149,1244,187
2026-01-26T14:28:25.385080,554,4.45,18.2,149,1244,187
2026-01-26T14:28:26.515287,555,4.41,18.1,149,1244,187
2026-01-26T14:28:27.595726,556,4.38,17.9,149,1244,187
2026-01-26T14:28:34.723262,557,4.49,18.4,149,1244,187
2026-01-26T14:28:35.844025,558,4.49,18.4,149,1244,187
2026-01-26T14:28:36.939032,559,4.45,18.2,149,1244,187
2026-01-26T14:28:38.138056,560,4.40,18.0,149,1244,187
2026-01-26T14:28:39.169300,561,4.36,17.8,149,1244,187
2026-01-26T14:28:44.266330,562,4.56,18.6,149,1244,187
2026-01-26T14:28:45.378043,563,4.57,18.7,149,1244,187
2026-01-26T14:28:46.336870,564,4.53,18.5,149,1244,187
2026-01-26T14:28:52.189692,565,4.55,18.6,149,1244,187
2026-01-26T14:28:53.271261,566,4.56,18.6,149,1244,187
2026-01-26T14:28:54.339160,567,4.51,18.5,149,1244,187
2026-01-26T14:28:59.621937,568,4.56,18.6,149,1244,187
2026-01-26T14:29:00.767938,569,4.41,18.0,149,1244,187
2026-01-26T14:29:01.862523,570,4.36,17.8,149,1244,187
2026-01-26T14:29:02.923613,571,4.33,17.7,149,1244,187
2026-01-26T14:29:07.760255,572,4.46,18.2,149,1244,187
2026-01-26T14:29:08.853584,573,4.49,18.3,149,1244,187
2026-01-26T14:29:10.847750,574,4.34,17.8,149,1244,187
2026-01-26T14:29:12.770777,575,4.35,17.8,149,1244,187
2026-01-26T14:29:14.771092,576,4.44,18.2,149,1244,187
2026-01-26T14:29:20.294443,577,4.33,17.7,149,1244,187
2026-01-26T14:29:25.632490,578,4.30,17.6,149,1244,187
2026-01-26T14:29:27.663283,579,4.47,18.3,149,1244,187
2026-01-26T14:29:33.327339,580,4.84,19.8,149,1244,187
2026-01-26T14:29:34.367017,581,4.83,19.8,149,1244,187
2026-01-26T14:29:35.396879,582,4.78,19.6,149,1244,187
2026-01-26T14:29:36.409096,583,4.74,19.4,149,1244,187
2026-01-26T14:29:37.539668,584,4.70,19.2,149,1244,187
2026-01-26T14:29:38.685850,585,4.66,19.0,149,1244,187
2026-01-26T14:29:39.991639,586,4.62,18.9,149,1244,187
2026-01-26T14:29:41.110909,587,4.58,18.7,149,1244,187
2026-01-26T14:29:42.194205,588,4.54,18.6,149,1244,187
2026-01-26T14:29:43.148724,589,4.50,18.4,149,1244,187
2026-01-26T14:29:44.933657,590,4.45,18.2,149,1244,187
2026-01-26T14:29:46.235824,591,4.41,18.0,149,1244,187
2026-01-26T14:29:48.028328,592,4.36,17.8,149,1244,187
2026-01-26T14:29:52.726707,593,5.29,21.6,149,1244,187
2026-01-26T14:29:53.742577,594,5.28,21.6,149,1244,187
2026-01-26T14:29:54.865355,595,5.24,21.4,149,1244,187
2026-01-26T14:29:55.866278,596,5.20,21.3,149,1244,187
2026-01-26T14:29:57.084266,597,5.15,21.1,149,1244,187
2026-01-26T14:29:58.323358,598,5.11,20.9,149,1244,187
2026-01-26T14:29:59.269658,599,5.06,20.7,149,1244,187
2026-01-26T14:30:00.527546,600,5.03,20.6,149,1244,187
2026-01-26T14:30:01.656972,601,4.83,19.7,149,1244,187
2026-01-26T14:30:02.879675,602,4.79,19.6,149,1244,187
2026-01-26T14:30:04.084253,603,4.74,19.4,149,1244,187
2026-01-26T14:30:05.371499,604,4.71,19.3,149,1244,187
2026-01-26T14:30:06.512058,605,4.66,19.1,149,1244,187
2026-01-26T14:30:07.673485,606,4.63,18.9,149,1244,187
2026-01-26T14:30:08.884899,607,4.57,18.7,149,1244,187
2026-01-26T14:30:10.007995,608,4.53,18.5,149,1244,187
2026-01-26T14:30:11.194388,609,4.50,18.4,149,1244,187
2026-01-26T14:30:12.356022,610,4.45,18.2,149,1244,187
2026-01-26T14:30:13.512960,611,4.43,18.1,149,1244,187
2026-01-26T14:30:14.702741,612,4.39,18.0,149,1244,187
2026-01-26T14:30:15.822760,613,4.35,17.8,149,1244,187
2026-01-26T14:30:17.953827,614,4.49,18.4,149,1244,187
2026-01-26T14:30:24.448955,615,4.42,18.1,149,1244,187
2026-01-26T14:30:26.453100,616,4.46,18.2,149,1244,187
2026-01-26T14:30:27.759509,617,4.42,18.1,149,1244,187
2026-01-26T14:30:33.184699,618,4.59,18.8,149,1244,187
2026-01-26T14:30:35.394158,619,4.44,18.2,149,1244,187
2026-01-26T14:30:38.283004,620,4.42,18.1,149,1246,187
2026-01-26T14:30:40.155308,621,4.56,18.7,149,1246,187
2026-01-26T14:30:42.420277,622,4.38,17.9,149,1246,187
2026-01-26T14:30:44.728126,623,4.39,17.9,149,1246,187
2026-01-26T14:30:51.589549,624,4.55,18.6,149,1246,187
2026-01-26T14:30:53.444481,625,4.49,18.4,149,1246,187
2026-01-26T14:30:59.298072,626,4.53,18.5,149,1246,187
2026-01-26T14:31:01.216994,627,4.70,19.2,149,1246,187
2026-01-26T14:31:05.959433,628,4.41,18.0,149,1246,187
2026-01-26T14:31:07.742936,629,4.42,18.1,149,1246,187
2026-01-26T14:31:12.145689,630,4.44,18.2,149,1246,187
2026-01-26T14:31:14.096973,631,4.62,18.9,149,1246,187
2026-01-26T14:31:15.357629,632,4.57,18.7,149,1246,187
2026-01-26T14:31:17.580059,633,4.37,17.9,149,1246,187
2026-01-26T14:31:25.201778,634,5.90,24.1,149,1246,187
2026-01-26T14:31:27.141827,635,5.83,23.9,149,1246,187
2026-01-26T14:31:29.362436,636,5.74,23.5,149,1246,187
2026-01-26T14:31:31.199852,637,5.66,23.1,149,1246,187
2026-01-26T14:31:33.019938,638,5.52,22.6,149,1246,187
2026-01-26T14:31:34.826245,639,5.49,22.5,149,1246,187
2026-01-26T14:31:36.622026,640,5.41,22.1,149,1246,187
2026-01-26T14:31:38.392999,641,5.32,21.7,149,1246,187
2026-01-26T14:31:40.161828,642,5.24,21.4,149,1246,187
2026-01-26T14:31:41.926469,643,5.16,21.1,149,1246,187
2026-01-26T14:31:43.691828,644,5.07,20.7,149,1246,187
2026-01-26T14:31:45.510369,645,4.98,20.4,149,1246,187
2026-01-26T14:31:47.295424,646,4.90,20.1,149,1246,187
2026-01-26T14:31:49.099595,647,4.81,19.7,149,1246,187
2026-01-26T14:31:50.893692,648,4.72,19.3,149,1246,187
2026-01-26T14:31:52.694446,649,4.64,19.0,149,1246,187
2026-01-26T14:31:54.508106,650,4.61,18.8,149,1246,187
2026-01-26T14:31:56.309078,651,4.54,18.6,149,1246,187
2026-01-26T14:31:58.303593,652,4.71,19.3,149,1246,187
2026-01-26T14:32:04.468554,653,4.52,18.5,149,1246,187
2026-01-26T14:32:06.473019,654,4.45,18.2,149,1246,187
2026-01-26T14:32:07.726151,655,4.41,18.0,149,1246,187
2026-01-26T14:32:13.918648,656,4.41,18.0,149,1246,187
2026-01-26T14:32:15.734230,657,4.60,18.8,149,1246,187
2026-01-26T14:32:17.875819,658,4.57,18.7,149,1246,187
2026-01-26T14:32:19.960310,659,4.52,18.5,149,1246,187
2026-01-26T14:32:21.290423,660,4.49,18.4,149,1246,187
2026-01-26T14:32:24.406395,661,4.47,18.3,149,1246,187
2026-01-26T14:32:26.179981,662,4.59,18.8,149,1246,187
2026-01-26T14:32:31.115371,663,4.61,18.9,152,1246,187
2026-01-26T14:32:32.877232,664,4.49,18.3,152,1246,187
2026-01-26T14:32:37.105131,665,4.50,18.4,152,1246,187
2026-01-26T14:32:39.061689,666,4.53,18.5,152,1246,187
2026-01-26T14:32:40.384921,667,4.49,18.4,152,1246,187
2026-01-26T14:32:45.298749,668,4.64,19.0,152,1246,187
2026-01-26T14:32:47.253863,669,4.60,18.8,152,1246,187
2026-01-26T14:32:48.593214,670,4.56,18.6,152,1246,187
2026-01-26T14:32:49.841854,671,4.52,18.5,152,1246,187
2026-01-26T14:32:54.650391,672,4.46,18.2,152,1246,187
2026-01-26T14:32:56.643869,673,4.77,19.5,152,1246,187
2026-01-26T14:32:58.005388,674,4.73,19.3,152,1246,187
2026-01-26T14:33:03.172277,675,4.62,18.9,152,1246,187
2026-01-26T14:33:05.083460,676,4.64,19.0,152,1246,187
2026-01-26T14:33:06.339554,677,4.61,18.8,152,1246,187
2026-01-26T14:33:11.115807,678,4.77,19.5,152,1246,187
2026-01-26T14:33:13.079707,679,4.54,18.6,152,1246,187
2026-01-26T14:33:14.366822,680,4.49,18.4,152,1246,187
2026-01-26T14:33:19.489689,681,4.46,18.2,152,1246,187
2026-01-26T14:33:21.571088,682,4.68,19.1,152,1246,187
2026-01-26T14:33:22.987802,683,4.64,19.0,152,1246,187
2026-01-26T14:33:24.328623,684,4.60,18.8,152,1246,187
2026-01-26T14:33:29.819309,685,4.47,18.3,152,1246,187
2026-01-26T14:33:31.920277,686,4.58,18.7,152,1246,187
2026-01-26T14:33:33.336212,687,4.53,18.5,152,1246,187
2026-01-26T14:33:34.711687,688,4.50,18.4,152,1246,187
2026-01-26T14:33:35.981257,689,4.45,18.2,152,1246,187
2026-01-26T14:33:41.720179,690,4.59,18.8,152,1246,187
2026-01-26T14:33:43.962993,691,4.60,18.8,152,1246,187
2026-01-26T14:33:45.350925,692,4.55,18.6,152,1246,187
2026-01-26T14:33:46.734220,693,4.52,18.5,152,1246,187
2026-01-26T14:33:48.089422,694,4.47,18.3,152,1246,187
2026-01-26T14:33:54.159442,695,4.46,18.2,152,1246,187
2026-01-26T14:33:56.465068,696,4.80,19.6,152,1246,187
2026-01-26T14:33:57.860231,697,4.75,19.4,152,1246,187
2026-01-26T14:33:59.216929,698,4.71,19.3,152,1246,187
2026-01-26T14:34:05.376478,699,4.45,18.2,152,1246,187
2026-01-26T14:34:08.011376,700,4.56,18.6,152,1246,187
2026-01-26T14:34:09.381942,701,4.52,18.5,152,1246,187
2026-01-26T14:34:14.392646,702,4.60,18.8,152,1246,187
2026-01-26T14:34:16.215278,703,4.52,18.5,152,1246,187
2026-01-26T14:34:20.794196,704,4.47,18.3,152,1246,187
2026-01-26T14:34:22.883741,705,4.52,18.5,152,1246,187
2026-01-26T14:34:27.682238,706,4.47,18.3,152,1246,187
2026-01-26T14:34:29.771191,707,4.75,19.4,152,1246,187
2026-01-26T14:34:31.173075,708,4.71,19.3,152,1246,187
2026-01-26T14:34:32.462068,709,4.67,19.1,152,1246,187
2026-01-26T14:34:38.547479,710,4.59,18.8,152,1246,187
2026-01-26T14:36:06.972119,711,11.74,48.0,152,1246,187
2026-01-26T14:36:11.136136,712,11.40,46.6,152,1246,187
2026-01-26T14:36:11.866246,713,11.42,46.7,152,1246,187
2026-01-26T14:36:15.035113,714,11.03,45.1,152,1246,187
2026-01-26T14:36:17.986726,715,10.71,43.8,152,1246,187
2026-01-26T14:36:20.976719,716,10.36,42.4,152,1246,187
2026-01-26T14:36:23.881622,717,10.02,41.0,152,1246,187
2026-01-26T14:36:27.486251,718,9.32,38.1,152,1246,187
2026-01-26T14:36:30.459890,719,9.00,36.8,152,1246,187
2026-01-26T14:36:33.283929,720,8.73,35.7,152,1246,187
2026-01-26T14:36:36.810552,721,8.39,34.3,152,1246,187
2026-01-26T14:36:39.576467,722,8.05,32.9,152,1246,187
2026-01-26T14:36:42.657842,723,7.30,29.9,152,1246,187
2026-01-26T14:36:45.165832,724,6.95,28.4,152,1246,187
2026-01-26T14:36:48.024029,725,6.61,27.0,152,1246,187
2026-01-26T14:36:50.716097,726,6.27,25.6,152,1246,187
2026-01-26T14:36:53.343896,727,5.86,24.0,152,1246,187
2026-01-26T14:36:56.360291,728,5.53,22.6,152,1246,187
2026-01-26T14:36:58.837645,729,5.20,21.2,152,1246,187
2026-01-26T14:37:01.692944,730,4.84,19.8,152,1246,187
2026-01-26T14:37:04.889039,731,4.51,18.4,152,1246,187
2026-01-26T14:37:07.770862,732,4.17,17.1,152,1246,187
2026-01-26T14:37:10.298169,733,3.81,15.6,152,1246,187
2026-01-26T14:37:13.026906,734,3.47,14.2,152,1246,187
2026-01-26T14:37:15.754612,735,3.19,13.1,152,1246,187
2026-01-26T14:37:22.676276,736,4.24,17.3,152,1246,187
2026-01-26T14:37:25.616652,737,3.90,16.0,152,1246,187
2026-01-26T14:37:27.969440,738,3.56,14.6,152,1246,187
2026-01-26T14:37:30.799893,739,3.23,13.2,152,1246,187
2026-01-26T14:37:33.033726,740,3.54,14.5,152,1246,187
2026-01-26T14:37:34.289113,741,3.51,14.3,152,1246,187
2026-01-26T14:37:40.994386,742,3.61,14.8,152,1246,187
2026-01-26T14:37:43.452637,743,3.58,14.7,152,1246,187
2026-01-26T14:37:45.683606,744,3.59,14.7,152,1246,187
2026-01-26T14:37:47.960220,745,3.62,14.8,152,1246,187
2026-01-26T14:37:49.723046,746,3.67,15.0,152,1246,187
2026-01-26T14:37:51.605847,747,3.70,15.1,152,1246,187
2026-01-26T14:37:53.014249,748,3.66,15.0,152,1246,187
2026-01-26T14:37:57.737129,749,3.63,14.8,152,1246,187
2026-01-26T14:37:59.641016,750,3.85,15.8,152,1246,187
2026-01-26T14:38:00.853577,751,3.81,15.6,152,1246,187
2026-01-26T14:38:03.894735,752,3.66,14.9,152,1249,187
2026-01-26T14:38:06.123061,753,3.63,14.8,152,1249,187
2026-01-26T14:38:08.339673,754,3.75,15.3,152,1249,187
2026-01-26T14:38:13.065405,755,3.69,15.1,152,1249,187
2026-01-26T14:38:14.232450,756,3.68,15.0,152,1249,187
2026-01-26T14:38:16.491098,757,3.65,14.9,152,1249,187
2026-01-26T14:38:18.567339,758,3.77,15.4,152,1249,187
2026-01-26T14:38:20.595221,759,3.67,15.0,152,1249,187
2026-01-26T14:38:22.631237,760,3.63,14.8,152,1249,187
2026-01-26T14:38:28.573310,761,3.93,16.1,152,1249,187
2026-01-26T14:38:29.664252,762,3.92,16.0,152,1249,187
2026-01-26T14:38:30.771659,763,3.88,15.9,152,1249,187
2026-01-26T14:38:31.735287,764,3.85,15.7,152,1249,187
2026-01-26T14:38:36.756591,765,3.71,15.2,152,1249,187
2026-01-26T14:38:37.859502,766,3.70,15.1,152,1249,187
2026-01-26T14:38:42.314761,767,3.71,15.2,152,1249,187
2026-01-26T14:38:43.353877,768,3.71,15.2,152,1249,187
2026-01-26T14:38:47.753716,769,3.86,15.8,152,1249,187
2026-01-26T14:38:48.748577,770,3.84,15.7,152,1249,187
2026-01-26T14:38:54.413158,771,3.78,15.4,152,1249,187
2026-01-26T14:38:55.571871,772,3.76,15.4,152,1249,187
2026-01-26T14:38:56.710457,773,3.72,15.2,152,1249,187
2026-01-26T14:39:00.811459,774,3.82,15.6,152,1249,187
2026-01-26T14:39:01.768477,775,3.80,15.5,152,1249,187
2026-01-26T14:39:07.022954,776,3.85,15.8,152,1249,187
2026-01-26T14:39:08.125374,777,3.84,15.7,152,1249,187
2026-01-26T14:39:09.098701,778,3.80,15.5,152,1249,187
2026-01-26T14:39:14.825982,779,3.72,15.2,152,1249,187
2026-01-26T14:39:15.934322,780,3.70,15.1,152,1249,187
2026-01-26T14:39:17.047979,781,3.67,15.0,152,1249,187
2026-01-26T14:39:22.186998,782,3.63,14.8,152,1249,187
2026-01-26T14:39:26.885468,783,3.78,15.4,152,1249,187
2026-01-26T14:39:28.827015,784,3.68,15.1,152,1249,187
2026-01-26T14:39:34.378608,785,3.82,15.6,152,1249,187
2026-01-26T14:39:35.452209,786,3.76,15.4,152,1249,187
2026-01-26T14:39:36.495231,787,3.72,15.2,152,1249,187
2026-01-26T14:39:41.527249,788,3.76,15.4,152,1249,187
2026-01-26T14:39:42.557267,789,3.70,15.1,152,1249,187
2026-01-26T14:39:47.012675,790,3.88,15.9,152,1249,187
2026-01-26T14:39:48.088074,791,3.86,15.8,152,1249,187
2026-01-26T14:39:52.748976,792,3.78,15.4,152,1249,187
2026-01-26T14:39:53.721584,793,3.72,15.2,152,1249,187
2026-01-26T14:39:59.516159,794,3.92,16.0,152,1249,187
2026-01-26T14:40:00.598707,795,3.86,15.8,152,1249,187
2026-01-26T14:40:01.572482,796,3.82,15.6,152,1249,187
2026-01-26T14:40:07.359252,797,4.00,16.3,152,1249,187
2026-01-26T14:40:08.433934,798,3.85,15.7,152,1249,187
2026-01-26T14:40:10.385389,799,3.74,15.3,152,1249,187
2026-01-26T14:40:12.449154,800,3.70,15.2,152,1249,187
2026-01-26T14:40:18.421641,801,3.96,16.2,152,1249,187
2026-01-26T14:40:19.538025,802,3.94,16.1,152,1249,187
2026-01-26T14:40:20.621151,803,3.90,16.0,152,1249,187
2026-01-26T14:40:21.608680,804,3.86,15.8,152,1249,187
2026-01-26T14:40:26.626750,805,3.75,15.3,152,1249,187
2026-01-26T14:40:27.652523,806,3.74,15.3,152,1249,187
2026-01-26T14:40:32.691089,807,3.75,15.3,152,1249,187
2026-01-26T14:40:33.780684,808,3.74,15.3,152,1249,187
2026-01-26T14:40:38.937104,809,3.90,16.0,152,1249,187
2026-01-26T14:40:39.934702,810,3.89,15.9,152,1249,187
2026-01-26T14:40:45.537366,811,3.81,15.6,152,1249,187
2026-01-26T14:40:46.648261,812,3.80,15.5,152,1249,187
2026-01-26T14:40:47.629453,813,3.76,15.4,152,1249,187
2026-01-26T14:40:52.889676,814,3.79,15.5,152,1249,187
2026-01-26T14:40:53.906637,815,3.78,15.4,152,1249,187
2026-01-26T14:41:00.372739,816,4.08,16.7,152,1249,187
2026-01-26T14:41:01.612267,817,4.08,16.7,152,1249,187
2026-01-26T14:41:02.748517,818,4.04,16.5,152,1249,187
2026-01-26T14:41:08.140898,819,3.90,16.0,152,1249,187
2026-01-26T14:41:09.139523,820,3.73,15.3,152,1249,187
2026-01-26T14:41:14.328577,821,3.85,15.7,152,1249,187
2026-01-26T14:41:15.434244,822,3.76,15.4,152,1249,187
2026-01-26T14:41:16.369788,823,3.71,15.2,152,1249,187
2026-01-26T14:41:21.385035,824,3.96,16.2,152,1249,187
2026-01-26T14:41:22.382558,825,3.91,16.0,152,1249,187
2026-01-26T14:41:27.048437,826,3.83,15.6,152,1249,187
2026-01-26T14:41:28.068219,827,3.77,15.4,152,1249,187
2026-01-26T14:41:33.181491,828,3.83,15.7,152,1249,187
2026-01-26T14:41:34.267656,829,3.76,15.4,152,1249,187
2026-01-26T14:41:39.703233,830,3.92,16.0,152,1249,187
2026-01-26T14:41:40.705958,831,3.92,16.0,152,1249,187
2026-01-26T14:41:45.788818,832,3.84,15.7,152,1249,187
2026-01-26T14:41:46.892439,833,3.83,15.7,152,1249,187
2026-01-26T14:41:47.937508,834,3.80,15.5,152,1249,187
2026-01-26T14:41:52.654010,835,3.80,15.5,152,1249,187
2026-01-26T14:41:53.726441,836,3.81,15.6,152,1249,187
2026-01-26T14:42:00.359848,837,3.99,16.3,152,1249,187
2026-01-26T14:42:01.516542,838,4.10,16.7,152,1249,187
2026-01-26T14:42:02.518916,839,4.06,16.6,152,1249,187
2026-01-26T14:42:08.238432,840,3.99,16.3,152,1249,187
2026-01-26T14:42:09.368085,841,3.83,15.7,152,1249,187
2026-01-26T14:42:10.374160,842,3.79,15.5,152,1249,187
2026-01-26T14:42:15.697017,843,3.80,15.5,152,1249,187
2026-01-26T14:42:16.693993,844,3.79,15.5,152,1249,187
2026-01-26T14:42:21.491357,845,4.01,16.4,152,1249,187
2026-01-26T14:42:22.448742,846,3.94,16.1,152,1249,187
2026-01-26T14:42:27.397230,847,3.92,16.0,152,1249,187
2026-01-26T14:42:28.508975,848,3.86,15.8,152,1249,187
2026-01-26T14:42:29.455917,849,3.82,15.6,152,1249,187
2026-01-26T14:42:31.660661,850,3.80,15.5,152,1249,187
2026-01-26T14:42:33.838479,851,3.93,16.1,152,1249,187
2026-01-26T14:42:36.254176,852,3.78,15.4,152,1249,187
2026-01-26T14:42:38.419417,853,3.77,15.4,152,1249,187
2026-01-26T14:42:40.539447,854,3.93,16.1,152,1249,187
2026-01-26T14:42:42.671415,855,3.77,15.4,152,1249,187
2026-01-26T14:42:44.909779,856,3.79,15.5,152,1249,187
2026-01-26T14:42:47.036316,857,3.95,16.1,152,1249,187
2026-01-26T14:42:49.142403,858,3.81,15.6,152,1249,187
2026-01-26T14:42:51.305364,859,3.79,15.5,152,1249,187
2026-01-26T14:42:53.367448,860,3.95,16.2,152,1249,187
2026-01-26T14:42:59.179142,861,3.92,16.0,152,1249,187
2026-01-26T14:43:00.316327,862,3.90,16.0,152,1249,187
2026-01-26T14:43:01.260942,863,3.86,15.8,152,1249,187
2026-01-26T14:43:06.654528,864,3.86,15.8,152,1249,187
2026-01-26T14:43:07.695042,865,3.83,15.7,152,1249,187
2026-01-26T14:43:11.892990,866,4.00,16.4,152,1249,187
2026-01-26T14:43:12.945190,867,3.98,16.3,152,1249,187
2026-01-26T14:43:18.012668,868,3.86,15.8,152,1249,187
2026-01-26T14:43:19.021631,869,3.85,15.8,152,1249,187
2026-01-26T14:43:23.845342,870,3.85,15.8,152,1249,187
2026-01-26T14:43:24.939000,871,3.84,15.7,152,1249,187
2026-01-26T14:43:29.899824,872,4.01,16.4,152,1249,187
2026-01-26T14:43:30.932966,873,4.01,16.4,152,1249,187
2026-01-26T14:43:35.253122,874,3.88,15.9,152,1249,187
2026-01-26T14:43:36.299468,875,3.87,15.8,152,1249,187
2026-01-26T14:43:41.469543,876,3.89,15.9,152,1249,187
2026-01-26T14:43:42.566967,877,3.88,15.9,152,1249,187
2026-01-26T14:43:47.775932,878,4.02,16.4,152,1249,187
2026-01-26T14:43:48.858517,879,4.02,16.4,152,1249,187
2026-01-26T14:43:53.970804,880,3.88,15.9,152,1249,187
2026-01-26T14:43:54.990365,881,3.86,15.8,152,1249,187
2026-01-26T14:43:59.669892,882,3.89,15.9,152,1249,187
2026-01-26T14:44:00.705086,883,3.91,16.0,152,1249,187
2026-01-26T14:44:05.622652,884,4.17,17.1,152,1249,187
2026-01-26T14:44:06.663151,885,4.16,17.0,152,1249,187
2026-01-26T14:44:11.684222,886,3.95,16.2,152,1249,187
2026-01-26T14:44:12.712817,887,3.88,15.9,152,1249,187
2026-01-26T14:44:17.338877,888,3.94,16.1,152,1249,187
2026-01-26T14:44:18.367571,889,3.89,15.9,152,1249,187
2026-01-26T14:44:23.430905,890,4.02,16.4,152,1249,187
2026-01-26T14:44:24.429335,891,3.99,16.3,152,1249,187
2026-01-26T14:44:29.002365,892,3.94,16.1,152,1249,187
2026-01-26T14:44:30.009045,893,3.88,15.9,152,1249,187
2026-01-26T14:44:34.562991,894,3.94,16.1,152,1249,187
2026-01-26T14:44:35.585504,895,3.88,15.9,152,1249,187
2026-01-26T14:44:40.856788,896,4.05,16.6,152,1249,187
2026-01-26T14:44:41.976527,897,4.04,16.5,152,1249,187
2026-01-26T14:44:47.590057,898,3.91,16.0,152,1249,187
2026-01-26T14:44:48.673367,899,3.90,16.0,152,1249,187
2026-01-26T14:46:18.853941,900,11.80,48.2,152,1249,187
2026-01-26T14:46:24.524713,901,11.55,47.2,152,1249,187
2026-01-26T14:46:28.375535,902,11.17,45.7,152,1249,187
2026-01-26T14:46:32.470990,903,10.90,44.6,152,1249,187
2026-01-26T14:46:36.076284,904,10.57,43.2,152,1249,187
2026-01-26T14:46:39.243087,905,10.23,41.9,152,1249,187
2026-01-26T14:46:42.308038,906,9.89,40.4,152,1249,187
2026-01-26T14:46:44.873005,907,9.56,39.1,152,1249,187
2026-01-26T14:46:49.914805,908,8.62,35.3,152,1249,187
2026-01-26T14:46:53.014881,909,8.06,33.0,152,1249,187
2026-01-26T14:46:56.210808,910,7.73,31.6,152,1249,187
2026-01-26T14:46:59.135184,911,7.41,30.3,152,1249,187
2026-01-26T14:47:01.639896,912,7.06,28.9,152,1249,187
2026-01-26T14:47:04.427248,913,6.71,27.5,152,1249,187
2026-01-26T14:47:07.352056,914,6.50,26.6,152,1249,187
2026-01-26T14:47:10.399780,915,6.16,25.2,152,1249,187
2026-01-26T14:47:12.836830,916,5.81,23.8,152,1249,187
2026-01-26T14:47:16.191616,917,5.32,21.8,152,1249,187
2026-01-26T14:47:19.276782,918,5.05,20.7,152,1249,187
2026-01-26T14:47:22.289311,919,4.73,19.3,152,1249,187
2026-01-26T14:47:24.781035,920,4.39,18.0,152,1249,187
2026-01-26T14:47:27.338418,921,3.98,16.3,152,1249,187
2026-01-26T14:47:30.279417,922,3.71,15.2,152,1249,187
2026-01-26T14:47:33.114540,923,3.38,13.8,152,1249,187
2026-01-26T14:47:36.031579,924,3.03,12.4,152,1249,187
2026-01-26T14:47:48.358784,925,5.82,23.8,152,1249,187
2026-01-26T14:47:51.043135,926,5.49,22.4,152,1249,187
2026-01-26T14:47:53.997515,927,5.09,20.8,152,1249,187
2026-01-26T14:47:56.644500,928,4.76,19.5,152,1249,187
2026-01-26T14:47:59.415949,929,4.42,18.1,152,1249,187
2026-01-26T14:48:02.950154,930,4.07,16.6,152,1249,187
2026-01-26T14:48:05.998342,931,3.84,15.7,152,1249,187
2026-01-26T14:48:08.570125,932,3.50,14.3,152,1249,187
2026-01-26T14:48:11.274242,933,3.15,12.9,152,1249,187
2026-01-26T14:48:20.751848,934,4.49,18.4,152,1249,187
2026-01-26T14:48:21.864118,935,4.44,18.2,152,1249,187
2026-01-26T14:48:23.067318,936,4.40,18.0,152,1249,187
2026-01-26T14:48:24.177429,937,4.36,17.8,152,1249,187
2026-01-26T14:48:25.248812,938,4.33,17.7,152,1249,187
2026-01-26T14:48:26.525204,939,4.28,17.5,152,1249,187
2026-01-26T14:48:27.932133,940,4.25,17.4,152,1249,187
2026-01-26T14:48:29.042009,941,4.21,17.2,152,1249,187
2026-01-26T14:48:30.313762,942,4.17,17.1,152,1249,187
2026-01-26T14:48:31.434765,943,4.13,16.9,152,1249,187
2026-01-26T14:48:32.536441,944,4.09,16.7,152,1249,187
2026-01-26T14:48:33.883353,945,4.05,16.6,152,1249,187
2026-01-26T14:48:35.052357,946,4.00,16.4,152,1249,187
2026-01-26T14:48:36.551913,947,3.97,16.2,152,1249,187
2026-01-26T14:48:37.821703,948,3.94,16.1,152,1249,187
2026-01-26T14:48:38.999404,949,3.89,15.9,152,1249,187
2026-01-26T14:48:40.362005,950,3.84,15.7,152,1249,187
2026-01-26T14:48:41.614317,951,3.82,15.6,152,1249,187
2026-01-26T14:48:42.671651,952,3.78,15.5,152,1249,187
2026-01-26T14:48:43.885535,953,3.73,15.3,152,1249,187
2026-01-26T14:48:45.049254,954,3.69,15.1,152,1249,187
2026-01-26T14:48:46.110595,955,3.66,15.0,152,1249,187
2026-01-26T14:48:47.204645,956,3.61,14.8,152,1249,187
2026-01-26T14:48:48.418186,957,3.58,14.6,152,1249,187
2026-01-26T14:48:49.547948,958,3.51,14.4,152,1249,187
2026-01-26T14:49:04.922475,959,4.86,19.9,152,1249,187
2026-01-26T14:49:06.208125,960,4.91,20.1,152,1249,187
2026-01-26T14:49:07.366271,961,4.92,20.1,152,1249,187
2026-01-26T14:49:08.488082,962,4.87,19.9,152,1249,187
2026-01-26T14:49:09.760065,963,4.84,19.8,152,1249,187
2026-01-26T14:49:10.874711,964,4.79,19.6,152,1249,187
2026-01-26T14:49:12.082698,965,4.75,19.4,152,1249,187
2026-01-26T14:49:13.294797,966,4.71,19.3,152,1249,187
2026-01-26T14:49:14.342393,967,4.66,19.1,152,1249,187
2026-01-26T14:49:15.270601,968,4.47,18.3,152,1249,187
2026-01-26T14:49:18.614491,969,4.12,16.9,152,1249,187
2026-01-26T14:49:19.569683,970,4.11,16.8,152,1249,187
2026-01-26T14:49:20.641597,971,4.07,16.7,152,1249,187
2026-01-26T14:49:21.741336,972,4.02,16.5,152,1249,187
2026-01-26T14:49:22.685077,973,3.98,16.3,152,1249,187
2026-01-26T14:49:23.668570,974,3.94,16.1,152,1249,187
2026-01-26T14:49:25.147712,975,3.90,16.0,152,1249,187
2026-01-26T14:49:26.564600,976,3.86,15.8,152,1249,187
2026-01-26T14:49:27.605504,977,3.82,15.6,152,1249,187
2026-01-26T14:49:28.680156,978,3.78,15.4,152,1249,187
2026-01-26T14:49:29.843075,979,3.74,15.3,152,1249,187
2026-01-26T14:49:31.077085,980,3.70,15.1,152,1249,187
2026-01-26T14:49:32.442929,981,3.66,15.0,152,1249,187
2026-01-26T14:49:33.442288,982,3.62,14.8,152,1249,187
2026-01-26T14:49:34.443443,983,3.57,14.6,152,1249,187
2026-01-26T14:49:56.296340,984,4.63,18.9,152,1249,187
2026-01-26T14:49:57.476611,985,4.59,18.8,152,1249,187
2026-01-26T14:49:58.641506,986,4.55,18.6,152,1249,187
2026-01-26T14:49:59.678534,987,4.52,18.5,152,1249,187
2026-01-26T14:50:00.760816,988,4.47,18.3,152,1249,187
2026-01-26T14:50:01.889843,989,4.43,18.1,152,1249,187
2026-01-26T14:50:02.990872,990,4.39,17.9,152,1249,187
2026-01-26T14:50:03.921973,991,4.35,17.8,152,1249,187
2026-01-26T14:50:04.987587,992,4.31,17.6,152,1249,187
2026-01-26T14:50:06.181253,993,4.27,17.4,152,1249,187
2026-01-26T14:50:07.351689,994,4.34,17.8,152,1249,187
2026-01-26T14:50:08.420989,995,4.30,17.6,152,1249,187
2026-01-26T14:50:09.474872,996,4.26,17.4,152,1249,187
2026-01-26T14:50:10.575639,997,4.23,17.3,152,1249,187
2026-01-26T14:50:11.644230,998,4.19,17.1,152,1249,187
2026-01-26T14:50:12.620358,999,3.88,15.9,152,1249,187
2026-01-26T14:50:13.818170,1000,3.81,15.6,152,1249,187
2026-01-26T14:50:15.016314,1001,3.77,15.4,152,1249,187
2026-01-26T14:50:16.313700,1002,3.56,14.6,152,1249,187
2026-01-26T14:50:17.471778,1003,3.52,14.4,152,1249,187
2026-01-26T14:50:18.433419,1004,3.48,14.2,152,1249,187
2026-01-26T14:50:19.520818,1005,3.44,14.1,152,1249,187
2026-01-26T14:50:20.454231,1006,3.39,13.9,152,1249,187
2026-01-26T14:50:21.823937,1007,3.36,13.7,152,1249,187
2026-01-26T14:50:23.124605,1008,3.32,13.6,152,1249,187
2026-01-26T14:50:39.833637,1009,4.36,17.8,152,1249,187
2026-01-26T14:50:41.653911,1010,4.33,17.7,152,1249,187
2026-01-26T14:50:42.654140,1011,4.28,17.5,152,1249,187
2026-01-26T14:50:43.730448,1012,4.25,17.4,152,1249,187
2026-01-26T14:50:44.907603,1013,4.20,17.2,152,1249,187
2026-01-26T14:50:46.044410,1014,4.18,17.1,152,1249,187
2026-01-26T14:50:47.205907,1015,4.14,16.9,152,1249,187
2026-01-26T14:50:48.274331,1016,4.09,16.7,152,1249,187
2026-01-26T14:50:49.383956,1017,4.05,16.6,152,1249,187
2026-01-26T14:50:50.542309,1018,4.00,16.4,152,1249,187
2026-01-26T14:50:51.660759,1019,3.98,16.3,152,1249,187
2026-01-26T14:50:52.778872,1020,3.93,16.1,152,1249,187
2026-01-26T14:50:53.802861,1021,3.90,15.9,152,1249,187
2026-01-26T14:50:54.943621,1022,3.85,15.8,152,1249,187
2026-01-26T14:50:55.917492,1023,3.81,15.6,152,1249,187
2026-01-26T14:50:57.012127,1024,3.77,15.4,152,1249,187
2026-01-26T14:50:58.045516,1025,3.72,15.2,152,1249,187
2026-01-26T14:50:59.096129,1026,3.67,15.0,152,1249,187
2026-01-26T14:51:00.048526,1027,3.63,14.9,152,1249,187
2026-01-26T14:51:01.524632,1028,3.59,14.7,152,1249,187
2026-01-26T14:51:02.967976,1029,3.56,14.5,152,1249,187
2026-01-26T14:51:04.367743,1030,3.50,14.3,152,1249,187
2026-01-26T14:51:05.379458,1031,3.47,14.2,152,1249,187
2026-01-26T14:51:06.725647,1032,3.43,14.0,152,1249,187
2026-01-26T14:51:07.958089,1033,3.52,14.4,152,1249,187
2026-01-26T14:51:15.233613,1034,3.84,15.7,152,1249,187
2026-01-26T14:51:16.584443,1035,3.70,15.1,152,1249,187
2026-01-26T14:51:17.964854,1036,3.67,15.0,152,1249,187
2026-01-26T14:51:19.204284,1037,3.63,14.8,152,1249,187
2026-01-26T14:51:20.423438,1038,3.59,14.7,152,1249,187
2026-01-26T14:51:21.621225,1039,3.55,14.5,152,1249,187
2026-01-26T14:51:22.766803,1040,3.51,14.3,152,1249,187
2026-01-26T14:51:24.022159,1041,3.46,14.2,152,1249,187
2026-01-26T14:51:25.235437,1042,3.43,14.0,152,1249,187
2026-01-26T14:51:26.306984,1043,3.38,13.8,152,1249,187
2026-01-26T14:51:33.897723,1044,3.59,14.7,152,1249,187
2026-01-26T14:51:35.028500,1045,3.58,14.6,152,1249,187
2026-01-26T14:51:43.517568,1046,3.76,15.4,152,1249,187
2026-01-26T14:51:44.586253,1047,3.76,15.4,152,1249,187
2026-01-26T14:51:47.568031,1048,3.87,15.8,152,1249,187
2026-01-26T14:51:49.826649,1049,3.89,15.9,152,1249,187
2026-01-26T14:51:51.907380,1050,3.88,15.9,152,1249,187
2026-01-26T14:51:54.270979,1051,3.91,16.0,152,1249,187
2026-01-26T14:51:56.434437,1052,3.91,16.0,152,1249,187
2026-01-26T14:52:02.025378,1053,4.14,16.9,152,1249,187
2026-01-26T14:52:03.057381,1054,4.09,16.7,152,1249,187
2026-01-26T14:52:07.570124,1055,4.13,16.9,152,1249,187
2026-01-26T14:52:08.605899,1056,4.11,16.8,152,1249,187
2026-01-26T14:52:10.724272,1057,3.92,16.0,152,1249,187
2026-01-26T14:52:16.203213,1058,4.12,16.8,152,1249,187
2026-01-26T14:52:17.206240,1059,4.07,16.7,152,1249,187
2026-01-26T14:52:19.358970,1060,3.94,16.1,152,1249,187
2026-01-26T14:52:21.458135,1061,3.95,16.1,152,1249,187
2026-01-26T14:52:23.793663,1062,4.08,16.7,152,1249,187
2026-01-26T14:52:26.683633,1063,4.09,16.7,152,1249,187
2026-01-26T14:52:29.444309,1064,3.94,16.1,152,1249,187
2026-01-26T14:52:32.007809,1065,4.09,16.7,152,1249,187
2026-01-26T14:52:34.672580,1066,4.10,16.8,152,1249,187
2026-01-26T14:52:37.238220,1067,3.95,16.1,152,1249,187
2026-01-26T14:52:40.032869,1068,4.11,16.8,152,1249,187
2026-01-26T14:52:42.702633,1069,3.96,16.2,152,1249,187
2026-01-26T14:52:45.441408,1070,3.96,16.2,152,1249,187
2026-01-26T14:52:47.733092,1071,4.13,16.9,152,1249,187
2026-01-26T14:52:49.732461,1072,4.16,17.0,152,1249,187
2026-01-26T14:52:51.854791,1073,3.97,16.3,152,1249,187
2026-01-26T14:53:03.001610,1074,5.91,24.2,152,1249,187
2026-01-26T14:53:04.029938,1075,5.89,24.1,152,1249,187
2026-01-26T14:53:05.051210,1076,5.85,23.9,152,1249,187
2026-01-26T14:53:06.007480,1077,5.81,23.8,152,1249,187
2026-01-26T14:53:07.092624,1078,5.76,23.6,152,1249,187
2026-01-26T14:53:08.299471,1079,5.71,23.4,152,1249,187
2026-01-26T14:53:09.401459,1080,5.80,23.7,152,1249,187
2026-01-26T14:53:10.567151,1081,5.76,23.5,152,1249,187
2026-01-26T14:53:11.799458,1082,5.71,23.4,152,1249,187
2026-01-26T14:53:12.977626,1083,5.67,23.2,152,1249,187
2026-01-26T14:53:14.062604,1084,5.63,23.0,152,1249,187
2026-01-26T14:53:15.187478,1085,5.59,22.9,152,1249,187
2026-01-26T14:53:16.135096,1086,5.56,22.7,152,1249,187
2026-01-26T14:53:18.241919,1087,5.28,21.6,152,1249,187
2026-01-26T14:53:19.183475,1088,5.26,21.5,152,1249,187
2026-01-26T14:53:22.075475,1089,4.90,20.0,152,1249,187
2026-01-26T14:53:23.013295,1090,4.88,19.9,152,1249,187
2026-01-26T14:53:26.110722,1091,4.51,18.4,152,1249,187
2026-01-26T14:53:27.043106,1092,4.49,18.4,152,1249,187
2026-01-26T14:53:30.380660,1093,4.13,16.9,152,1249,187
2026-01-26T14:53:35.620122,1094,5.10,20.9,152,1249,187
2026-01-26T14:53:36.661668,1095,5.06,20.7,152,1249,187
2026-01-26T14:53:37.790514,1096,5.02,20.5,152,1249,187
2026-01-26T14:53:38.792216,1097,4.97,20.3,152,1249,187
2026-01-26T14:53:39.907188,1098,4.93,20.2,152,1249,187
2026-01-26T14:53:41.181119,1099,4.89,20.0,152,1249,187
2026-01-26T14:53:42.140432,1100,4.84,19.8,152,1249,187
2026-01-26T14:53:43.363918,1101,4.80,19.6,152,1249,187
2026-01-26T14:53:44.464788,1102,4.75,19.4,152,1249,187
2026-01-26T14:53:45.654825,1103,4.71,19.3,152,1249,187
2026-01-26T14:53:46.855864,1104,4.67,19.1,152,1249,187
2026-01-26T14:53:48.005773,1105,4.63,18.9,152,1249,187
2026-01-26T14:53:49.274190,1106,4.59,18.8,152,1249,187
2026-01-26T14:53:50.532043,1107,4.55,18.6,152,1249,187
2026-01-26T14:53:51.775339,1108,4.51,18.4,152,1249,187
2026-01-26T14:53:53.012447,1109,4.47,18.3,152,1249,187
2026-01-26T14:53:54.185579,1110,4.43,18.1,152,1249,187
2026-01-26T14:53:55.384740,1111,4.40,18.0,152,1249,187
2026-01-26T14:53:56.606452,1112,4.35,17.8,152,1249,187
2026-01-26T14:53:57.820593,1113,4.30,17.6,152,1249,187
2026-01-26T14:53:59.047640,1114,4.27,17.5,152,1249,187
2026-01-26T14:54:00.080548,1115,4.22,17.3,152,1249,187
2026-01-26T14:54:01.080639,1116,4.19,17.1,152,1249,187
2026-01-26T14:54:03.173641,1117,4.03,16.5,152,1249,187
2026-01-26T14:54:05.244168,1118,4.20,17.2,152,1249,187
2026-01-26T14:54:07.200923,1119,4.21,17.2,152,1249,187
2026-01-26T14:54:32.036806,1120,5.08,20.8,152,1249,187
2026-01-26T14:54:33.085670,1121,5.04,20.6,152,1249,187
2026-01-26T14:54:34.203062,1122,4.99,20.4,152,1249,187
2026-01-26T14:54:35.238719,1123,4.97,20.3,152,1249,187
2026-01-26T14:54:36.235186,1124,4.93,20.2,152,1249,187
2026-01-26T14:54:37.419055,1125,4.88,20.0,152,1249,187
2026-01-26T14:54:38.604468,1126,4.84,19.8,152,1249,187
2026-01-26T14:54:39.658722,1127,4.80,19.6,152,1249,187
2026-01-26T14:54:40.810809,1128,4.76,19.4,152,1249,187
2026-01-26T14:54:41.829188,1129,4.71,19.3,152,1249,187
2026-01-26T14:54:42.858004,1130,4.66,19.1,152,1249,187
2026-01-26T14:54:44.007101,1131,4.63,18.9,152,1249,187
2026-01-26T14:54:45.144181,1132,4.58,18.7,152,1249,187
2026-01-26T14:54:46.413778,1133,4.53,18.5,152,1249,187
2026-01-26T14:54:47.619255,1134,4.49,18.4,152,1249,187
2026-01-26T14:54:48.762258,1135,4.45,18.2,152,1249,187
2026-01-26T14:54:49.965684,1136,4.41,18.0,152,1249,187
2026-01-26T14:54:51.090928,1137,4.38,17.9,152,1249,187
2026-01-26T14:54:52.170442,1138,4.33,17.7,152,1249,187
2026-01-26T14:54:53.357908,1139,4.29,17.5,152,1249,187
2026-01-26T14:54:54.436285,1140,4.21,17.2,152,1249,187
2026-01-26T14:54:55.483368,1141,4.18,17.1,152,1249,187
2026-01-26T14:54:56.530215,1142,4.14,16.9,152,1249,187
2026-01-26T14:54:57.660336,1143,4.11,16.8,152,1249,187
2026-01-26T14:54:58.829198,1144,4.06,16.6,152,1249,187
2026-01-26T14:55:20.599828,1145,5.40,22.1,152,1249,187
2026-01-26T14:55:21.809971,1146,5.37,22.0,152,1249,187
2026-01-26T14:55:22.883142,1147,5.32,21.8,152,1249,187
2026-01-26T14:55:24.025333,1148,5.28,21.6,152,1249,187
2026-01-26T14:55:25.142567,1149,5.24,21.4,152,1249,187
2026-01-26T14:55:26.293233,1150,5.19,21.2,152,1249,187
2026-01-26T14:55:27.491692,1151,5.15,21.1,152,1249,187
2026-01-26T14:55:28.645030,1152,5.10,20.8,152,1249,187
2026-01-26T14:55:29.716384,1153,5.06,20.7,152,1249,187
2026-01-26T14:55:30.855134,1154,5.02,20.5,152,1249,187
2026-01-26T14:55:32.015601,1155,4.98,20.4,152,1249,187
2026-01-26T14:55:33.048022,1156,4.93,20.2,152,1249,187
2026-01-26T14:55:33.982023,1157,4.89,20.0,152,1249,187
2026-01-26T14:55:37.411851,1158,4.53,18.5,152,1249,187
2026-01-26T14:55:38.371453,1159,4.53,18.5,152,1249,187
2026-01-26T14:55:39.435803,1160,4.48,18.3,152,1249,187
2026-01-26T14:55:40.481776,1161,4.44,18.2,152,1249,187
2026-01-26T14:55:41.414395,1162,4.39,17.9,152,1249,187
2026-01-26T14:55:42.378104,1163,4.35,17.8,152,1249,187
2026-01-26T14:55:43.306617,1164,4.29,17.6,152,1249,187
2026-01-26T14:55:44.255436,1165,4.25,17.4,152,1249,187
2026-01-26T14:55:45.670917,1166,4.22,17.3,152,1249,187
2026-01-26T14:55:47.012020,1167,4.17,17.1,152,1249,187
2026-01-26T14:55:48.038859,1168,4.13,16.9,152,1249,187
2026-01-26T14:55:49.095689,1169,4.09,16.7,152,1249,187
2026-01-26T14:56:07.617749,1170,5.12,20.9,152,1249,187
2026-01-26T14:56:08.785421,1171,4.63,18.9,152,1249,187
2026-01-26T14:56:10.101242,1172,4.59,18.8,152,1249,187
2026-01-26T14:56:11.095860,1173,4.64,19.0,152,1249,187
2026-01-26T14:56:12.048393,1174,4.60,18.8,152,1249,187
2026-01-26T14:56:13.061473,1175,4.57,18.7,152,1249,187
2026-01-26T14:56:14.130181,1176,4.53,18.5,152,1249,187
2026-01-26T14:56:15.229066,1177,4.48,18.3,152,1249,187
2026-01-26T14:56:16.192472,1178,4.44,18.2,152,1249,187
2026-01-26T14:56:17.215061,1179,4.39,18.0,152,1249,187
2026-01-26T14:56:18.295554,1180,4.35,17.8,152,1249,187
2026-01-26T14:56:19.324942,1181,4.14,16.9,152,1249,187
2026-01-26T14:56:20.278823,1182,4.09,16.7,152,1249,187
2026-01-26T14:56:21.457749,1183,4.06,16.6,152,1249,187
2026-01-26T14:56:22.492725,1184,4.02,16.4,152,1249,187
2026-01-26T14:56:23.475831,1185,3.98,16.3,152,1249,187
2026-01-26T14:56:24.647880,1186,3.95,16.1,152,1249,187
2026-01-26T14:56:25.897833,1187,3.91,16.0,152,1249,187
2026-01-26T14:56:27.088427,1188,3.86,15.8,152,1249,187
2026-01-26T14:56:28.277627,1189,3.82,15.6,152,1249,187
2026-01-26T14:56:29.286443,1190,3.78,15.5,152,1249,187
2026-01-26T14:56:30.381006,1191,3.74,15.3,152,1249,187
2026-01-26T14:56:31.329254,1192,3.70,15.1,152,1249,187
2026-01-26T14:56:32.637756,1193,3.65,14.9,152,1249,187
2026-01-26T14:56:33.936467,1194,3.60,14.7,152,1249,187
2026-01-26T14:57:03.805807,1195,4.67,19.1,152,1249,187
2026-01-26T14:57:05.423140,1196,4.63,18.9,152,1249,187
2026-01-26T14:57:06.374911,1197,4.59,18.8,152,1249,187
2026-01-26T14:57:07.533773,1198,4.55,18.6,152,1249,187
2026-01-26T14:57:08.722366,1199,4.51,18.4,152,1249,187
2026-01-26T14:57:09.842721,1200,4.46,18.3,152,1249,187
2026-01-26T14:57:10.972193,1201,4.41,18.1,152,1249,187
2026-01-26T14:57:11.986673,1202,4.38,17.9,152,1249,187
2026-01-26T14:57:13.078890,1203,4.34,17.7,152,1249,187
2026-01-26T14:57:14.232878,1204,4.29,17.6,152,1249,187
2026-01-26T14:57:15.353365,1205,4.25,17.4,152,1249,187
2026-01-26T14:57:16.455519,1206,4.21,17.2,152,1249,187
2026-01-26T14:57:17.478744,1207,4.17,17.0,152,1249,187
2026-01-26T14:57:18.536308,1208,4.12,16.9,152,1249,187
2026-01-26T14:57:19.498398,1209,4.08,16.7,152,1249,187
2026-01-26T14:57:20.513150,1210,4.04,16.5,152,1249,187
2026-01-26T14:57:21.531352,1211,3.99,16.3,152,1249,187
2026-01-26T14:57:22.541873,1212,3.95,16.2,152,1249,187
2026-01-26T14:57:23.479444,1213,3.91,16.0,152,1249,187
2026-01-26T14:57:24.727698,1214,3.88,15.9,152,1249,187
2026-01-26T14:57:26.022881,1215,3.82,15.6,152,1249,187
2026-01-26T14:57:27.378967,1216,3.77,15.4,152,1249,187
2026-01-26T14:57:28.352027,1217,3.74,15.3,152,1249,187
2026-01-26T14:57:29.636453,1218,3.69,15.1,152,1249,187
2026-01-26T14:57:30.776209,1219,3.65,14.9,152,1249,187
2026-01-26T14:57:37.723439,1220,3.78,15.4,152,1249,187
2026-01-26T14:57:38.990568,1221,3.74,15.3,152,1249,187
2026-01-26T14:57:40.320352,1222,3.69,15.1,152,1249,187
2026-01-26T14:57:41.409122,1223,3.66,15.0,152,1249,187
2026-01-26T14:57:47.638195,1224,4.07,16.7,152,1249,187
2026-01-26T14:57:52.236064,1225,4.81,19.7,152,1249,187
2026-01-26T14:57:53.342022,1226,4.78,19.6,152,1249,187
2026-01-26T14:57:54.384664,1227,4.75,19.4,152,1249,187
2026-01-26T14:57:55.645198,1228,4.70,19.2,152,1249,187
2026-01-26T14:57:56.773958,1229,4.66,19.0,152,1249,187
2026-01-26T14:57:57.944499,1230,4.62,18.9,152,1249,187
2026-01-26T14:57:59.234361,1231,4.58,18.7,152,1249,187
2026-01-26T14:58:00.361238,1232,4.53,18.5,152,1249,187
2026-01-26T14:58:01.456011,1233,4.49,18.4,152,1249,187
2026-01-26T14:58:02.440993,1234,4.45,18.2,152,1249,187
2026-01-26T14:58:04.244818,1235,4.41,18.0,152,1249,187
2026-01-26T14:58:05.518348,1236,4.37,17.9,152,1249,187
2026-01-26T14:58:07.696310,1237,4.52,18.5,152,1249,187
2026-01-26T14:58:09.091883,1238,4.42,18.1,152,1249,187
2026-01-26T14:58:10.520453,1239,4.38,17.9,152,1249,187
2026-01-26T14:58:11.874500,1240,4.33,17.7,152,1249,187
2026-01-26T14:58:13.971301,1241,4.26,17.4,152,1249,187
2026-01-26T14:58:18.671684,1242,5.21,21.3,152,1249,187
2026-01-26T14:58:19.696112,1243,5.17,21.1,152,1249,187
2026-01-26T14:58:20.847602,1244,5.10,20.8,152,1249,187
2026-01-26T14:58:21.785082,1245,5.06,20.7,152,1249,187
2026-01-26T14:58:22.889582,1246,5.01,20.5,152,1249,187
2026-01-26T14:58:24.134390,1247,4.97,20.3,152,1249,187
2026-01-26T14:58:25.072861,1248,4.92,20.1,152,1249,187
2026-01-26T14:58:26.294020,1249,4.89,20.0,152,1249,187
2026-01-26T14:58:27.445874,1250,4.84,19.8,152,1249,187
2026-01-26T14:58:28.613291,1251,4.80,19.6,152,1249,187
2026-01-26T14:58:29.802914,1252,4.76,19.5,152,1249,187
2026-01-26T14:58:31.020471,1253,4.71,19.3,152,1249,187
2026-01-26T14:58:32.205180,1254,4.65,19.0,152,1249,187
2026-01-26T14:58:33.428731,1255,4.61,18.9,152,1249,187
2026-01-26T14:58:34.540809,1256,4.57,18.7,152,1249,187
2026-01-26T14:58:35.765621,1257,4.54,18.6,152,1249,187
2026-01-26T14:58:36.960575,1258,4.50,18.4,152,1249,187
2026-01-26T14:58:38.140436,1259,4.45,18.2,152,1249,187
2026-01-26T14:58:39.339325,1260,4.41,18.0,152,1249,187
2026-01-26T14:58:40.472010,1261,4.37,17.9,152,1249,187
2026-01-26T14:58:42.763796,1262,4.28,17.5,152,1249,187
2026-01-26T14:58:48.502094,1263,4.22,17.3,152,1249,187
2026-01-26T14:58:54.404691,1264,4.40,18.0,152,1249,187
2026-01-26T14:58:56.227521,1265,4.22,17.3,152,1249,187
2026-01-26T14:59:02.035346,1266,4.23,17.3,152,1249,187
2026-01-26T14:59:04.027541,1267,4.30,17.6,152,1249,187
2026-01-26T14:59:05.303598,1268,4.26,17.4,152,1249,187
2026-01-26T14:59:11.249246,1269,4.39,17.9,152,1249,187
2026-01-26T14:59:17.017893,1270,5.06,20.7,152,1249,187
2026-01-26T14:59:18.064387,1271,5.02,20.5,152,1249,187
2026-01-26T14:59:19.061692,1272,4.98,20.4,152,1249,187
2026-01-26T14:59:20.200735,1273,4.94,20.2,152,1249,187
2026-01-26T14:59:21.325387,1274,4.90,20.0,152,1249,187
2026-01-26T14:59:22.512619,1275,4.86,19.9,152,1249,187
2026-01-26T14:59:23.678613,1276,4.81,19.7,152,1249,187
2026-01-26T14:59:24.608127,1277,4.77,19.5,152,1249,187
2026-01-26T14:59:25.590869,1278,4.73,19.3,152,1249,187
2026-01-26T14:59:27.180645,1279,4.68,19.1,152,1249,187
2026-01-26T14:59:28.081385,1280,4.64,19.0,152,1249,187
2026-01-26T14:59:28.995104,1281,4.45,18.2,152,1249,187
2026-01-26T14:59:29.897608,1282,4.41,18.0,152,1249,187
2026-01-26T14:59:30.887097,1283,4.37,17.9,152,1249,187
2026-01-26T14:59:31.800826,1284,4.32,17.7,152,1249,187
2026-01-26T14:59:32.718995,1285,4.28,17.5,152,1249,187
2026-01-26T14:59:33.633412,1286,4.24,17.3,152,1249,187
2026-01-26T14:59:35.462323,1287,4.25,17.4,152,1249,187
2026-01-26T14:59:37.219650,1288,4.26,17.4,152,1249,187
2026-01-26T14:59:44.959632,1289,4.38,17.9,152,1249,187
2026-01-26T14:59:46.974823,1290,4.24,17.3,152,1249,187
2026-01-26T14:59:54.649355,1291,4.24,17.3,152,1249,187
2026-01-26T15:00:02.176405,1292,4.27,17.4,152,1249,187
2026-01-26T15:00:03.962367,1293,4.42,18.1,152,1249,187
2026-01-26T15:00:09.456097,1294,4.43,18.1,152,1249,187
2026-01-26T15:00:11.639570,1295,4.28,17.5,152,1249,187
2026-01-26T15:00:13.878842,1296,4.28,17.5,152,1249,187
2026-01-26T15:00:17.452922,1297,4.56,18.6,152,1249,187
2026-01-26T15:00:18.695140,1298,4.52,18.5,152,1249,187
2026-01-26T15:00:19.841772,1299,4.48,18.3,152,1249,187
2026-01-26T15:00:20.849555,1300,4.44,18.2,152,1249,187
2026-01-26T15:00:28.894178,1301,4.38,17.9,152,1249,187
2026-01-26T15:00:30.020573,1302,4.37,17.9,152,1249,187
2026-01-26T15:00:30.993489,1303,4.33,17.7,152,1249,187
2026-01-26T15:00:33.316769,1304,4.25,17.4,152,1249,187
2026-01-26T15:00:35.415608,1305,4.44,18.1,152,1249,187
2026-01-26T15:00:39.026795,1306,4.32,17.7,152,1249,187
2026-01-26T15:00:40.035465,1307,4.27,17.5,152,1249,187
2026-01-26T15:00:42.200027,1308,4.29,17.5,152,1249,187
2026-01-26T15:00:44.289559,1309,4.41,18.0,152,1249,187
2026-01-26T15:00:46.531719,1310,4.27,17.5,152,1249,187
2026-01-26T15:00:48.632322,1311,4.28,17.5,152,1249,187
2026-01-26T15:00:50.787345,1312,4.45,18.2,152,1249,187
2026-01-26T15:01:01.217402,1313,5.65,23.1,152,1249,187
2026-01-26T15:01:02.316184,1314,5.61,22.9,152,1249,187
2026-01-26T15:01:03.371520,1315,5.60,22.9,152,1249,187
2026-01-26T15:01:04.491970,1316,5.56,22.7,152,1249,187
2026-01-26T15:01:05.651881,1317,5.52,22.6,152,1249,187
2026-01-26T15:01:06.795922,1318,5.48,22.4,152,1249,187
2026-01-26T15:01:07.811982,1319,5.43,22.2,152,1249,187
2026-01-26T15:01:08.942545,1320,5.40,22.1,152,1249,187
2026-01-26T15:01:09.934563,1321,5.35,21.9,152,1249,187
2026-01-26T15:01:11.069780,1322,5.31,21.7,152,1249,187
2026-01-26T15:01:12.094888,1323,5.26,21.5,152,1249,187
2026-01-26T15:01:13.152214,1324,5.22,21.3,152,1249,187
2026-01-26T15:01:14.236585,1325,5.18,21.2,152,1249,187
2026-01-26T15:01:15.301929,1326,5.13,21.0,152,1249,187
2026-01-26T15:01:16.177293,1327,5.08,20.8,152,1249,187
2026-01-26T15:01:18.842370,1328,4.72,19.3,152,1249,187
2026-01-26T15:01:19.735058,1329,4.70,19.2,152,1249,187
2026-01-26T15:01:20.667286,1330,4.66,19.0,152,1249,187
2026-01-26T15:01:22.080448,1331,4.61,18.9,152,1249,187
2026-01-26T15:01:23.442065,1332,4.57,18.7,152,1249,187
2026-01-26T15:01:24.445402,1333,4.53,18.5,152,1249,187
2026-01-26T15:01:25.491066,1334,4.48,18.3,152,1249,187
2026-01-26T15:01:26.569607,1335,4.44,18.1,152,1249,187
2026-01-26T15:01:27.705489,1336,4.39,18.0,152,1249,187
2026-01-26T15:01:29.058439,1337,4.29,17.5,152,1249,187
2026-01-26T15:01:52.997056,1338,5.33,21.8,152,1249,187
2026-01-26T15:01:53.904096,1339,5.28,21.6,152,1249,187
2026-01-26T15:01:54.949678,1340,5.23,21.4,152,1249,187
2026-01-26T15:01:56.087425,1341,5.20,21.3,152,1249,187
2026-01-26T15:01:57.208438,1342,5.16,21.1,152,1249,187
2026-01-26T15:01:58.191093,1343,5.12,20.9,152,1249,187
2026-01-26T15:01:59.232295,1344,5.07,20.7,152,1249,187
2026-01-26T15:02:00.300967,1345,5.03,20.6,152,1249,187
2026-01-26T15:02:01.373199,1346,4.99,20.4,152,1249,187
2026-01-26T15:02:02.290781,1347,4.95,20.2,152,1249,187
2026-01-26T15:02:03.526051,1348,4.91,20.1,152,1249,187
2026-01-26T15:02:05.107635,1349,4.87,19.9,152,1249,187
2026-01-26T15:02:06.539825,1350,4.84,19.8,152,1249,187
2026-01-26T15:02:07.678188,1351,4.80,19.6,152,1249,187
2026-01-26T15:02:08.540834,1352,4.75,19.4,152,1249,187
2026-01-26T15:02:09.748886,1353,4.71,19.3,152,1249,187
2026-01-26T15:02:11.013374,1354,4.67,19.1,152,1249,187
2026-01-26T15:02:12.347785,1355,4.62,18.9,152,1249,187
2026-01-26T15:02:13.254827,1356,4.58,18.7,152,1249,187
2026-01-26T15:02:14.584583,1357,4.65,19.0,152,1249,187
2026-01-26T15:02:15.691971,1358,4.60,18.8,152,1249,187
2026-01-26T15:02:16.888059,1359,4.56,18.7,152,1249,187
2026-01-26T15:02:18.120385,1360,4.52,18.5,152,1249,187
2026-01-26T15:02:19.465272,1361,4.49,18.4,152,1249,187
2026-01-26T15:02:20.644490,1362,4.45,18.2,152,1249,187
2026-01-26T15:02:21.985829,1363,4.48,18.3,152,1249,187
2026-01-26T15:02:28.724134,1364,4.40,18.0,152,1249,187
2026-01-26T15:02:29.830671,1365,4.35,17.8,152,1249,187
2026-01-26T15:02:30.791641,1366,4.30,17.6,152,1249,187
2026-01-26T15:02:36.519870,1367,4.42,18.1,152,1249,187
2026-01-26T15:02:37.681210,1368,4.41,18.0,152,1249,187
2026-01-26T15:02:38.715259,1369,4.36,17.8,152,1249,187
2026-01-26T15:02:44.278646,1370,4.51,18.5,152,1249,187
2026-01-26T15:02:45.347426,1371,4.49,18.4,152,1249,187
2026-01-26T15:02:50.712984,1372,4.37,17.9,152,1249,187
2026-01-26T15:02:51.776060,1373,4.36,17.8,152,1249,187
2026-01-26T15:02:57.451033,1374,4.43,18.1,152,1249,187
2026-01-26T15:02:58.553186,1375,4.41,18.0,152,1249,187
2026-01-26T15:02:59.485060,1376,4.37,17.9,152,1249,187
2026-01-26T15:03:04.791474,1377,4.56,18.6,152,1249,187
2026-01-26T15:03:05.858231,1378,4.54,18.6,152,1249,187
2026-01-26T15:03:11.122543,1379,4.40,18.0,152,1249,187
2026-01-26T15:03:12.123229,1380,4.39,18.0,152,1249,187
2026-01-26T15:03:17.027150,1381,4.40,18.0,152,1249,187
2026-01-26T15:03:18.011315,1382,4.39,17.9,152,1249,187
2026-01-26T15:03:24.761057,1383,4.72,19.3,152,1249,187
2026-01-26T15:03:25.879948,1384,4.73,19.3,152,1249,187
2026-01-26T15:03:26.965977,1385,4.70,19.2,152,1249,187
2026-01-26T15:03:28.036226,1386,4.65,19.0,152,1249,187
2026-01-26T15:03:29.102769,1387,4.59,18.8,152,1249,187
2026-01-26T15:03:30.037449,1388,4.55,18.6,152,1249,187
2026-01-26T15:03:35.947049,1389,4.53,18.5,152,1249,187
2026-01-26T15:03:41.484012,1390,4.48,18.3,152,1249,187
2026-01-26T15:03:42.592865,1391,4.47,18.3,152,1249,187
2026-01-26T15:03:43.582615,1392,4.42,18.1,152,1249,187
2026-01-26T15:03:49.302627,1393,4.58,18.7,152,1249,187
2026-01-26T15:03:50.308930,1394,4.59,18.8,152,1249,187
2026-01-26T15:03:52.228678,1395,4.47,18.3,152,1249,187
2026-01-26T15:03:54.390087,1396,4.42,18.1,152,1249,187
2026-01-26T15:03:56.387132,1397,4.63,18.9,152,1249,187
2026-01-26T15:04:01.589070,1398,4.55,18.6,152,1249,187
2026-01-26T15:04:02.654876,1399,4.46,18.2,152,1249,187
2026-01-26T15:04:03.617893,1400,4.42,18.1,152,1249,187
2026-01-26T15:04:09.029239,1401,4.44,18.2,152,1249,187
2026-01-26T15:04:10.101341,1402,4.42,18.1,152,1249,187
2026-01-26T15:04:15.074676,1403,4.61,18.8,152,1249,187
2026-01-26T15:04:16.115906,1404,4.59,18.8,152,1249,187
2026-01-26T15:04:21.254125,1405,4.49,18.4,152,1249,187
2026-01-26T15:04:22.329046,1406,4.49,18.4,152,1249,187
2026-01-26T15:04:23.249070,1407,4.45,18.2,152,1249,187
2026-01-26T15:04:28.277924,1408,4.46,18.2,152,1249,187
2026-01-26T15:04:29.324431,1409,4.45,18.2,152,1249,187
2026-01-26T15:04:31.299576,1410,4.58,18.7,152,1249,187
2026-01-26T15:04:33.356044,1411,4.60,18.8,152,1249,187
2026-01-26T15:04:38.614005,1412,4.45,18.2,152,1249,187
2026-01-26T15:04:39.638895,1413,4.40,18.0,152,1249,187
2026-01-26T15:04:44.775807,1414,4.64,19.0,152,1249,187
2026-01-26T15:04:45.739015,1415,4.59,18.8,152,1249,187
2026-01-26T15:04:52.729460,1416,4.65,19.0,152,1249,187
2026-01-26T15:04:53.823901,1417,4.64,19.0,152,1249,187
2026-01-26T15:04:54.880043,1418,4.60,18.8,152,1249,187
2026-01-26T15:04:55.950280,1419,4.55,18.6,152,1249,187
2026-01-26T15:04:57.025410,1420,4.52,18.5,152,1249,187
2026-01-26T15:04:57.952525,1421,4.48,18.3,152,1249,187
2026-01-26T15:05:03.738080,1422,4.54,18.6,152,1249,187
2026-01-26T15:05:04.826071,1423,4.52,18.5,152,1249,187
2026-01-26T15:05:05.885648,1424,4.47,18.3,152,1249,187
2026-01-26T15:05:11.558148,1425,4.64,19.0,152,1249,187
2026-01-26T15:05:12.642979,1426,4.64,19.0,152,1249,187
2026-01-26T15:05:19.766262,1427,4.67,19.1,152,1249,187
2026-01-26T15:05:20.839767,1428,4.68,19.1,152,1249,187
2026-01-26T15:05:21.859138,1429,4.64,19.0,152,1249,187
2026-01-26T15:05:28.159016,1430,4.52,18.5,152,1249,187
2026-01-26T15:05:29.244134,1431,4.52,18.5,152,1249,187
2026-01-26T15:05:30.282595,1432,4.47,18.3,152,1249,187
2026-01-26T15:05:36.031300,1433,4.77,19.5,152,1249,187
2026-01-26T15:05:37.150583,1434,4.67,19.1,152,1249,187
2026-01-26T15:05:38.191104,1435,4.63,18.9,152,1249,187
2026-01-26T15:05:47.426469,1436,4.74,19.4,152,1249,187
2026-01-26T15:05:48.466619,1437,4.65,19.0,152,1249,187
2026-01-26T15:05:54.346456,1438,4.53,18.5,152,1249,187
2026-01-26T15:05:55.392765,1439,4.47,18.3,152,1249,187
2026-01-26T15:05:56.390008,1440,4.42,18.1,152,1249,187
2026-01-26T15:06:02.341653,1441,4.67,19.1,152,1249,187
2026-01-26T15:06:03.427650,1442,4.66,19.0,152,1249,187
2026-01-26T15:06:10.977038,1443,4.57,18.7,152,1249,187
2026-01-26T15:06:12.094786,1444,4.56,18.7,152,1249,187
2026-01-26T15:06:13.081955,1445,4.52,18.5,152,1249,187
2026-01-26T15:06:19.337840,1446,4.57,18.7,152,1249,187
2026-01-26T15:06:20.421267,1447,4.56,18.7,152,1249,187
2026-01-26T15:06:21.435969,1448,4.52,18.5,152,1249,187
2026-01-26T15:06:27.470426,1449,4.74,19.4,152,1249,187
2026-01-26T15:06:28.545968,1450,4.75,19.4,152,1249,187
2026-01-26T15:06:29.612939,1451,4.71,19.2,152,1249,187
2026-01-26T15:06:37.590613,1452,4.58,18.7,152,1249,187
2026-01-26T15:06:38.555987,1453,4.49,18.4,152,1249,187
2026-01-26T15:06:43.870134,1454,4.65,19.0,152,1249,187
2026-01-26T15:06:44.945625,1455,4.59,18.8,152,1249,187
2026-01-26T15:06:45.905317,1456,4.54,18.6,152,1249,187
2026-01-26T15:06:50.771325,1457,4.73,19.3,152,1249,187
2026-01-26T15:06:51.777650,1458,4.72,19.3,152,1249,187
2026-01-26T15:06:58.015131,1459,4.62,18.9,152,1249,187
2026-01-26T15:06:59.104599,1460,4.55,18.6,152,1249,187
2026-01-26T15:07:04.878026,1461,4.66,19.1,152,1249,187
2026-01-26T15:07:05.966800,1462,4.60,18.8,152,1249,187
2026-01-26T15:07:06.950701,1463,4.56,18.6,152,1249,187
2026-01-26T15:07:12.048243,1464,4.73,19.3,152,1249,187
2026-01-26T15:07:13.161777,1465,4.72,19.3,152,1249,187
2026-01-26T15:07:18.227673,1466,4.67,19.1,152,1249,187
2026-01-26T15:07:19.320677,1467,4.65,19.0,152,1249,187
2026-01-26T15:07:24.726015,1468,4.69,19.2,152,1249,187
2026-01-26T15:07:25.824805,1469,4.68,19.1,152,1249,187
2026-01-26T15:07:26.824077,1470,4.64,19.0,152,1249,187
2026-01-26T15:07:31.658769,1471,4.83,19.8,152,1249,187
2026-01-26T15:07:32.692915,1472,4.66,19.0,152,1249,187
2026-01-26T15:07:37.817741,1473,4.67,19.1,152,1249,187
2026-01-26T15:07:38.859333,1474,4.66,19.1,152,1249,187
2026-01-26T15:07:43.233657,1475,4.52,18.5,152,1249,187
2026-01-26T15:07:44.263243,1476,4.53,18.5,152,1249,187
2026-01-26T15:09:12.237551,1477,11.55,47.2,152,1249,187
2026-01-26T15:09:17.811004,1478,11.35,46.4,152,1249,187
2026-01-26T15:09:21.909088,1479,10.99,44.9,152,1249,187
2026-01-26T15:09:25.678715,1480,10.73,43.9,152,1249,187
2026-01-26T15:09:31.135350,1481,10.43,42.6,152,1249,187
2026-01-26T15:09:34.561175,1482,10.10,41.3,152,1249,187
2026-01-26T15:09:38.083734,1483,9.71,39.7,152,1249,187
2026-01-26T15:09:41.959995,1484,9.39,38.4,152,1249,187
2026-01-26T15:09:45.526373,1485,9.06,37.0,152,1249,187
2026-01-26T15:09:49.027612,1486,8.73,35.7,152,1249,187
2026-01-26T15:09:54.101989,1487,8.39,34.3,152,1249,187
2026-01-26T15:09:58.580476,1488,8.15,33.3,152,1249,187
2026-01-26T15:10:02.195057,1489,7.59,31.1,152,1249,187
2026-01-26T15:10:05.835291,1490,7.33,30.0,152,1249,187
2026-01-26T15:10:08.519115,1491,6.99,28.6,152,1249,187
2026-01-26T15:10:12.891282,1492,6.66,27.2,152,1249,187
2026-01-26T15:10:15.695766,1493,6.33,25.9,152,1249,187
2026-01-26T15:10:18.553843,1494,6.11,25.0,152,1249,187
2026-01-26T15:10:21.193025,1495,5.78,23.6,152,1249,187
2026-01-26T15:10:23.824121,1496,5.38,22.0,152,1249,187
2026-01-26T15:10:26.780964,1497,4.90,20.0,152,1249,187
2026-01-26T15:10:29.758007,1498,4.57,18.7,152,1249,187
2026-01-26T15:10:32.610861,1499,4.22,17.3,152,1249,187
2026-01-26T15:10:35.140960,1500,3.88,15.9,152,1249,187
2026-01-26T15:10:38.041625,1501,3.54,14.5,152,1249,187
2026-01-26T15:10:44.270352,1502,4.24,17.3,152,1249,187
2026-01-26T15:10:47.361452,1503,3.70,15.1,152,1249,187
2026-01-26T15:10:50.026204,1504,3.22,13.2,152,1249,187
2026-01-26T15:10:52.740012,1505,3.56,14.6,152,1249,187
2026-01-26T15:10:56.204274,1506,3.91,16.0,152,1249,187
2026-01-26T15:10:59.432097,1507,4.09,16.7,152,1249,187
2026-01-26T15:11:10.198500,1508,3.96,16.2,152,1249,187
2026-01-26T15:11:18.114219,1509,4.17,17.1,152,1249,187
2026-01-26T15:11:23.608562,1510,4.12,16.8,152,1249,187
2026-01-26T15:11:25.679950,1511,4.11,16.8,152,1249,187
2026-01-26T15:11:27.920480,1512,4.18,17.1,152,1249,187
2026-01-26T15:11:29.984328,1513,4.01,16.4,152,1249,187
2026-01-26T15:11:34.819153,1514,4.03,16.5,152,1249,187
2026-01-26T15:11:35.855997,1515,4.02,16.4,152,1249,187
2026-01-26T15:11:37.914949,1516,4.20,17.2,152,1249,187
2026-01-26T15:11:42.195613,1517,4.06,16.6,152,1249,187
2026-01-26T15:11:43.236199,1518,4.06,16.6,152,1249,187
2026-01-26T15:11:45.262151,1519,4.02,16.5,152,1249,187
2026-01-26T15:11:47.321513,1520,4.22,17.3,152,1249,187
2026-01-26T15:11:56.923723,1521,4.58,18.7,152,1249,187
2026-01-26T15:11:58.135375,1522,4.57,18.7,152,1249,187
2026-01-26T15:11:59.348937,1523,4.53,18.5,152,1249,187
2026-01-26T15:12:00.678866,1524,4.50,18.4,152,1249,187
2026-01-26T15:12:01.883729,1525,4.46,18.3,152,1249,187
2026-01-26T15:12:03.026788,1526,4.43,18.1,152,1249,187
2026-01-26T15:12:04.275854,1527,4.39,18.0,152,1249,187
2026-01-26T15:12:05.550154,1528,4.36,17.8,152,1249,187
2026-01-26T15:12:06.774665,1529,4.32,17.7,152,1249,187
2026-01-26T15:12:07.968192,1530,4.29,17.5,152,1249,187
2026-01-26T15:12:09.098000,1531,4.24,17.4,152,1249,187
2026-01-26T15:12:10.258569,1532,4.21,17.2,152,1249,187
2026-01-26T15:12:11.397930,1533,4.16,17.0,152,1249,187
2026-01-26T15:12:12.616722,1534,4.13,16.9,152,1249,187
2026-01-26T15:12:13.785144,1535,4.09,16.7,152,1249,187
2026-01-26T15:12:26.169789,1536,5.05,20.6,152,1249,187
2026-01-26T15:12:27.341306,1537,5.04,20.6,152,1249,187
2026-01-26T15:12:28.467201,1538,4.85,19.8,152,1249,187
2026-01-26T15:12:29.632841,1539,4.80,19.6,152,1249,187
2026-01-26T15:12:30.825432,1540,4.77,19.5,152,1249,187
2026-01-26T15:12:31.985798,1541,4.74,19.4,152,1249,187
2026-01-26T15:12:33.105894,1542,4.69,19.2,152,1249,187
2026-01-26T15:12:34.245977,1543,4.65,19.0,152,1249,187
2026-01-26T15:12:35.394686,1544,4.63,18.9,152,1249,187
2026-01-26T15:12:36.512554,1545,4.59,18.8,152,1249,187
2026-01-26T15:12:37.602039,1546,4.55,18.6,152,1249,187
2026-01-26T15:12:38.765448,1547,4.51,18.4,152,1249,187
2026-01-26T15:12:39.860873,1548,4.47,18.3,152,1249,187
2026-01-26T15:12:40.966207,1549,4.43,18.1,152,1249,187
2026-01-26T15:12:42.059001,1550,4.39,18.0,152,1249,187
2026-01-26T15:12:43.156134,1551,4.35,17.8,152,1249,187
2026-01-26T15:12:44.268044,1552,4.31,17.6,152,1249,187
2026-01-26T15:12:45.349966,1553,4.28,17.5,152,1249,187
2026-01-26T15:12:46.459943,1554,4.23,17.3,152,1249,187
2026-01-26T15:12:47.592371,1555,4.19,17.1,152,1249,187
2026-01-26T15:12:48.674599,1556,4.16,17.0,152,1249,187
2026-01-26T15:12:56.035593,1557,4.60,18.8,152,1249,187
2026-01-26T15:12:57.131937,1558,4.59,18.8,152,1249,187
2026-01-26T15:12:58.276121,1559,4.56,18.6,152,1249,187
2026-01-26T15:12:59.370868,1560,4.52,18.5,152,1249,187
2026-01-26T15:13:00.447920,1561,4.47,18.3,152,1249,187
2026-01-26T15:13:01.547263,1562,4.44,18.1,152,1249,187
2026-01-26T15:13:02.699955,1563,4.39,18.0,152,1249,187
2026-01-26T15:13:03.789600,1564,4.36,17.8,152,1249,187
2026-01-26T15:13:08.793132,1565,4.27,17.5,152,1249,187
2026-01-26T15:13:09.904669,1566,4.22,17.2,152,1249,187
2026-01-26T15:13:10.877453,1567,4.17,17.1,152,1249,187
2026-01-26T15:13:15.512612,1568,4.25,17.4,152,1249,187
2026-01-26T15:13:16.547198,1569,4.19,17.1,152,1249,187
2026-01-26T15:13:25.047795,1570,4.84,19.8,152,1249,187
2026-01-26T15:13:26.183070,1571,4.83,19.8,152,1249,187
2026-01-26T15:13:27.298395,1572,4.79,19.6,152,1249,187
2026-01-26T15:13:28.422467,1573,4.74,19.4,152,1249,187
2026-01-26T15:13:29.518933,1574,4.71,19.3,152,1249,187
2026-01-26T15:13:30.668212,1575,4.67,19.1,152,1249,187
2026-01-26T15:13:31.813001,1576,4.62,18.9,152,1249,187
2026-01-26T15:13:32.919940,1577,4.59,18.8,152,1249,187
2026-01-26T15:13:34.090940,1578,4.55,18.6,152,1249,187
2026-01-26T15:13:35.272373,1579,4.51,18.5,152,1249,187
2026-01-26T15:13:36.404233,1580,4.47,18.3,152,1249,187
2026-01-26T15:13:37.539971,1581,4.44,18.1,152,1249,187
2026-01-26T15:13:38.672488,1582,4.39,18.0,152,1249,187
2026-01-26T15:13:48.241448,1583,4.85,19.8,152,1249,187
2026-01-26T15:13:49.341399,1584,4.86,19.9,152,1249,187
2026-01-26T15:13:50.469103,1585,4.81,19.7,152,1249,187
2026-01-26T15:13:51.564749,1586,4.77,19.5,152,1249,187
2026-01-26T15:13:52.751251,1587,4.74,19.4,152,1249,187
2026-01-26T15:13:53.935243,1588,4.69,19.2,152,1249,187
2026-01-26T15:13:55.076935,1589,4.65,19.0,152,1249,187
2026-01-26T15:13:56.241569,1590,4.61,18.9,152,1249,187
2026-01-26T15:13:57.352356,1591,4.57,18.7,152,1249,187
2026-01-26T15:13:58.492325,1592,4.53,18.5,152,1249,187
2026-01-26T15:13:59.586301,1593,4.50,18.4,152,1249,187
2026-01-26T15:14:00.729734,1594,4.45,18.2,152,1249,187
2026-01-26T15:14:01.832358,1595,4.41,18.0,152,1249,187
2026-01-26T15:14:02.948015,1596,4.37,17.9,152,1249,187
2026-01-26T15:14:04.090587,1597,4.33,17.7,152,1249,187
2026-01-26T15:14:05.091597,1598,4.29,17.5,152,1249,187
2026-01-26T15:14:11.149843,1599,4.42,18.1,152,1249,187
2026-01-26T15:14:12.315089,1600,4.42,18.1,152,1249,187
2026-01-26T15:14:13.508517,1601,4.38,17.9,152,1249,187
2026-01-26T15:14:14.664096,1602,4.33,17.7,152,1249,187
2026-01-26T15:14:15.699870,1603,4.28,17.5,152,1249,187
2026-01-26T15:14:22.288097,1604,4.92,20.1,152,1249,187
2026-01-26T15:14:23.400883,1605,4.85,19.8,152,1249,187
2026-01-26T15:14:24.540395,1606,4.82,19.7,152,1249,187
2026-01-26T15:14:25.728419,1607,4.78,19.5,152,1249,187
2026-01-26T15:14:26.869318,1608,4.74,19.4,152,1249,187
2026-01-26T15:14:27.982248,1609,4.70,19.2,152,1249,187
2026-01-26T15:14:29.081849,1610,4.49,18.4,152,1249,187
2026-01-26T15:14:30.046254,1611,4.45,18.2,152,1249,187
2026-01-26T15:14:35.450570,1612,4.38,17.9,152,1249,187
2026-01-26T15:14:36.584963,1613,4.37,17.9,152,1249,187
2026-01-26T15:14:37.728152,1614,4.33,17.7,152,1249,187
2026-01-26T15:14:38.716783,1615,4.29,17.5,152,1249,187
2026-01-26T15:14:43.944257,1616,4.31,17.6,152,1249,187
2026-01-26T15:14:44.953972,1617,4.30,17.6,152,1249,187
2026-01-26T15:14:51.697129,1618,4.64,19.0,152,1249,187
2026-01-26T15:14:52.870986,1619,4.66,19.0,152,1249,187
2026-01-26T15:14:54.040105,1620,4.62,18.9,152,1249,187
2026-01-26T15:14:55.186034,1621,4.58,18.7,152,1249,187
2026-01-26T15:14:56.361343,1622,4.54,18.6,152,1249,187
2026-01-26T15:14:57.390090,1623,4.50,18.4,152,1249,187
2026-01-26T15:15:03.108514,1624,4.40,18.0,152,1249,187
2026-01-26T15:15:04.240329,1625,4.41,18.0,152,1249,187
2026-01-26T15:15:05.330823,1626,4.37,17.9,152,1249,187
2026-01-26T15:15:06.416739,1627,4.32,17.7,152,1249,187
2026-01-26T15:15:08.377205,1628,4.32,17.7,152,1249,187
2026-01-26T15:15:10.345335,1629,4.49,18.4,152,1249,187
2026-01-26T15:15:12.349630,1630,4.34,17.7,152,1249,187
2026-01-26T15:15:14.305092,1631,4.34,17.7,152,1249,187
2026-01-26T15:15:16.418582,1632,4.53,18.5,152,1249,187
2026-01-26T15:15:18.563490,1633,4.34,17.8,152,1249,187
2026-01-26T15:15:23.334599,1634,5.20,21.3,152,1249,187
2026-01-26T15:15:24.396786,1635,5.16,21.1,152,1249,187
2026-01-26T15:15:25.646850,1636,5.16,21.1,152,1249,187
2026-01-26T15:15:26.681361,1637,5.11,20.9,152,1249,187
2026-01-26T15:15:27.851882,1638,5.07,20.7,152,1249,187
2026-01-26T15:15:29.194857,1639,5.02,20.5,152,1249,187
2026-01-26T15:15:30.193999,1640,4.99,20.4,152,1249,187
2026-01-26T15:15:31.471218,1641,4.94,20.2,152,1249,187
2026-01-26T15:15:32.706587,1642,4.90,20.0,152,1249,187
2026-01-26T15:15:33.936963,1643,4.85,19.8,152,1249,187
2026-01-26T15:15:35.158067,1644,4.82,19.7,152,1249,187
2026-01-26T15:15:36.398931,1645,4.77,19.5,152,1249,187
2026-01-26T15:15:37.662980,1646,4.74,19.4,152,1249,187
2026-01-26T15:15:38.843493,1647,4.70,19.2,152,1249,187
2026-01-26T15:15:40.104486,1648,4.67,19.1,152,1249,187
2026-01-26T15:15:41.252048,1649,4.61,18.8,152,1249,187
2026-01-26T15:15:42.540475,1650,4.57,18.7,152,1249,187
2026-01-26T15:15:43.750548,1651,4.53,18.5,152,1249,187
2026-01-26T15:15:45.024708,1652,4.51,18.4,152,1249,187
2026-01-26T15:15:46.255793,1653,4.45,18.2,152,1249,187
2026-01-26T15:15:47.273057,1654,4.42,18.1,152,1249,187
2026-01-26T15:15:52.948549,1655,5.27,21.6,152,1249,187
2026-01-26T15:15:54.061093,1656,4.88,20.0,152,1249,187
2026-01-26T15:15:55.098269,1657,4.85,19.8,152,1249,187
2026-01-26T15:15:56.138200,1658,4.80,19.6,152,1249,187
2026-01-26T15:15:57.305435,1659,4.76,19.5,152,1249,187
2026-01-26T15:15:58.548484,1660,4.72,19.3,152,1249,187
2026-01-26T15:15:59.750105,1661,4.68,19.1,152,1249,187
2026-01-26T15:16:00.706301,1662,4.64,19.0,152,1249,187
2026-01-26T15:16:01.727871,1663,4.59,18.8,152,1249,187
2026-01-26T15:16:03.371633,1664,4.56,18.6,152,1249,187
2026-01-26T15:16:04.311456,1665,4.51,18.4,152,1249,187
2026-01-26T15:16:05.235642,1666,4.47,18.3,152,1249,187
2026-01-26T15:16:06.130498,1667,4.43,18.1,152,1249,187
2026-01-26T15:16:07.025689,1668,4.39,17.9,152,1249,187
2026-01-26T15:16:07.934849,1669,4.35,17.8,152,1249,187
2026-01-26T15:16:08.841494,1670,4.28,17.5,152,1249,187
2026-01-26T15:16:09.753514,1671,4.24,17.3,152,1249,187
2026-01-26T15:16:11.720454,1672,4.36,17.8,152,1249,187
2026-01-26T15:16:14.205738,1673,4.45,18.2,152,1249,187
2026-01-26T15:16:19.253679,1674,5.30,21.7,152,1249,187
2026-01-26T15:16:20.340588,1675,5.32,21.8,152,1249,187
2026-01-26T15:16:21.338393,1676,5.24,21.4,152,1249,187
2026-01-26T15:16:22.381654,1677,5.33,21.8,152,1249,187
2026-01-26T15:16:23.532476,1678,5.29,21.7,152,1249,187
2026-01-26T15:16:24.753682,1679,5.24,21.4,152,1249,187
2026-01-26T15:16:25.966142,1680,5.21,21.3,152,1249,187
2026-01-26T15:16:26.882120,1681,5.16,21.1,152,1249,187
2026-01-26T15:16:27.870192,1682,5.12,20.9,152,1249,187
2026-01-26T15:16:29.856271,1683,5.08,20.8,152,1249,187
2026-01-26T15:16:30.819310,1684,4.87,19.9,152,1249,187
2026-01-26T15:16:31.904798,1685,4.82,19.7,152,1249,187
2026-01-26T15:16:33.013828,1686,4.76,19.5,152,1249,187
2026-01-26T15:16:34.122517,1687,4.71,19.3,152,1249,187
2026-01-26T15:16:35.170487,1688,4.66,19.1,152,1249,187
2026-01-26T15:16:36.279198,1689,4.61,18.9,152,1249,187
2026-01-26T15:16:38.223537,1690,4.46,18.2,152,1249,187
2026-01-26T15:16:45.579838,1691,4.55,18.6,152,1249,187
2026-01-26T15:16:46.741158,1692,4.55,18.6,152,1249,187
2026-01-26T15:16:47.864062,1693,4.51,18.4,152,1249,187
2026-01-26T15:16:48.842968,1694,4.47,18.3,152,1249,187
2026-01-26T15:16:55.503596,1695,4.68,19.2,153,1249,219
2026-01-26T15:16:56.612533,1696,4.67,19.1,153,1249,219
2026-01-26T15:16:57.660255,1697,4.64,19.0,153,1249,219
2026-01-26T15:17:03.215470,1698,5.31,21.7,153,1249,219
2026-01-26T15:17:04.280777,1699,5.24,21.4,153,1249,219
2026-01-26T15:17:05.308649,1700,5.21,21.3,153,1249,219
2026-01-26T15:17:06.333277,1701,5.17,21.1,153,1249,219
2026-01-26T15:17:07.526277,1702,5.13,21.0,153,1249,219
2026-01-26T15:17:08.841308,1703,5.09,20.8,153,1249,219
2026-01-26T15:17:10.206762,1704,5.05,20.7,153,1249,219
2026-01-26T15:17:12.270964,1705,4.98,20.4,153,1249,219
2026-01-26T15:17:13.555362,1706,4.99,20.4,153,1249,219
2026-01-26T15:17:14.639077,1707,4.95,20.2,153,1249,219
2026-01-26T15:17:15.739080,1708,4.90,20.0,153,1249,219
2026-01-26T15:17:17.064462,1709,4.87,19.9,153,1249,219
2026-01-26T15:17:18.320236,1710,4.82,19.7,153,1249,219
2026-01-26T15:17:19.588480,1711,4.78,19.5,153,1249,219
2026-01-26T15:17:20.549563,1712,4.73,19.3,153,1249,219
2026-01-26T15:17:22.072258,1713,4.69,19.2,153,1249,219
2026-01-26T15:17:23.408914,1714,4.75,19.4,153,1249,219
2026-01-26T15:17:24.740326,1715,4.70,19.2,153,1249,219
2026-01-26T15:17:26.069304,1716,4.65,19.0,153,1249,219
2026-01-26T15:17:27.097412,1717,4.62,18.9,153,1249,219
2026-01-26T15:17:29.102304,1718,4.60,18.8,153,1249,219
2026-01-26T15:17:31.149614,1719,4.65,19.0,153,1249,219
2026-01-26T15:17:33.235062,1720,4.51,18.4,153,1249,219
2026-01-26T15:17:35.421816,1721,4.55,18.6,153,1249,219
